Reading parmfile "parmfile_short"....
 ++++++++++++++++++++++++++++++++++++++++++++++++++++++++++++++++++
 +                                                                +
 +   POPULATION SIZE, MIGRATION, DIVERGENCE, ASSIGNMENT, HISTORY  +
 +   Bayesian inference using the structured coalescent           +
 +                                                                +
 ++++++++++++++++++++++++++++++++++++++++++++++++++++++++++++++++++
  Compiled for a PARALLEL COMPUTER ARCHITECTURE
  One master and 8 compute nodes are available.
  Using Intel AVX (Advanced Vector Extensions)
  Compiled for a SYMMETRIC multiprocessors (GrandCentral)
  PDF output enabled [Letter-size]
  Version 4.4.3(git:)   [March-21-2019]
  Program started at   Mon Jun  3 08:46:13 2019


Master random number seed: 3296668800


Reading (1) Arbon_1 ...
Reading (2) Berg_2 ...
Reading (3) Chur_3 ...


Options in use:
---------------

Analysis strategy is BAYESIAN INFERENCE
    - Population size estimation: Theta [Exponential Distribution]
    - Geneflow estimation: Migration [Exponential Distribution]

Proposal distribution:
Parameter group          Proposal type
-----------------------  -------------------
Population size (Theta)  Metropolis sampling
Migration rate      (M)  Metropolis sampling
Divergence Time (D)  Metropolis sampling
Divergence time spread (STD) Metropolis sampling
Genealogy                Metropolis-Hastings


Prior distribution (Proposal-delta will be tuned to acceptance frequence 0.440000):
Parameter group            Prior type   Minimum    Mean(*)    Maximum    Delta      Bins   Updatefreq
-------------------------  ------------ ---------- ---------- ---------- ---------- ------ -------
Population size (Theta_1)      Uniform  0.000000   0.050000   0.100000   0.010000    1500  0.05556
Population size (Theta_2)      Uniform  0.000000   0.050000   0.100000   0.010000    1500  0.05556
Population size (Theta_3)      Uniform  0.000000   0.050000   0.100000   0.010000    1500  0.05556
Migration 2 to 1   (M)         Uniform  0.000000  2500.00000 5000.00000 500.000000   1500  0.05556
Migration 3 to 1   (M)         Uniform  0.000000  2500.00000 5000.00000 500.000000   1500  0.05556
Migration 1 to 2   (M)         Uniform  0.000000  2500.00000 5000.00000 500.000000   1500  0.05556
Migration 3 to 2   (M)         Uniform  0.000000  2500.00000 5000.00000 500.000000   1500  0.05556
Migration 1 to 3   (M)         Uniform  0.000000  2500.00000 5000.00000 500.000000   1500  0.05556
Migration 2 to 3   (M)         Uniform  0.000000  2500.00000 5000.00000 500.000000   1500  0.05556




Inheritance scalers in use for Thetas (specified scalars=1)
1.00 1.00 1.00 1.00 1.00 
1.00 1.00 1.00 1.00 1.00 

[Each Theta uses the (true) inheritance scalar of the first locus as a reference]


Pseudo-random number generator: Mersenne-Twister                                
Random number seed (with internal timer)           3296668800

Start parameters:
   First genealogy was started using a random tree
   Start parameter values were generated
Connection matrix:
m = average (average over a group of Thetas or M,
s = symmetric migration M, S = symmetric 4Nm,
0 = zero, and not estimated,
* = migration free to vary, Thetas are on diagonal
d = row population split off column population
D = split and then migration
   1 Arbon_1        * * * 
   2 Berg_2         * * * 
   3 Chur_3         * * * 



Mutation rate is constant for all loci

Markov chain settings:
   Long chains (long-chains):                              1
      Steps sampled (long-inc*samples):                50000
      Steps recorded (long-sample):                     5000
   Static heating scheme
      4 chains with  temperatures
       1.00, 1.50, 3.00,1000000.00
      Swapping interval is 1
   Burn-in per replicate (samples*inc):                50000

Print options:
   Data file:                                         infile
   Haplotyping is turned on:                              NO
   Output file (ASCII text):                   outfile_short
   Output file (PDF):                      outfile_short.pdf
   Posterior distribution:                         bayesfile
   Print data:                                            No
   Print genealogies:                                     No

Summary of data:
Title:                     Current protocols example dataset
Data file:                                            infile
Datatype:                                     Haplotype data
Number of loci:                                           10
Mutationmodel:
 Locus  Sublocus  Mutationmodel   Mutationmodel parameter
-----------------------------------------------------------------
     1         1 Jukes-Cantor    [Basefreq: =0.25]
     2         1 Jukes-Cantor    [Basefreq: =0.25]
     3         1 Jukes-Cantor    [Basefreq: =0.25]
     4         1 Jukes-Cantor    [Basefreq: =0.25]
     5         1 Jukes-Cantor    [Basefreq: =0.25]
     6         1 Jukes-Cantor    [Basefreq: =0.25]
     7         1 Jukes-Cantor    [Basefreq: =0.25]
     8         1 Jukes-Cantor    [Basefreq: =0.25]
     9         1 Jukes-Cantor    [Basefreq: =0.25]
    10         1 Jukes-Cantor    [Basefreq: =0.25]


Sites per locus
---------------
Locus    Sites
     1     1000
     2     1000
     3     1000
     4     1000
     5     1000
     6     1000
     7     1000
     8     1000
     9     1000
    10     1000

Population                   Locus   Gene copies    
----------------------------------------------------
  1 Arbon_1                      1        10
  1                              2        10
  1                              3        10
  1                              4        10
  1                              5        10
  1                              6        10
  1                              7        10
  1                              8        10
  1                              9        10
  1                             10        10
  2 Berg_2                       1        10
  2                              2        10
  2                              3        10
  2                              4        10
  2                              5        10
  2                              6        10
  2                              7        10
  2                              8        10
  2                              9        10
  2                             10        10
  3 Chur_3                       1        10
  3                              2        10
  3                              3        10
  3                              4        10
  3                              5        10
  3                              6        10
  3                              7        10
  3                              8        10
  3                              9        10
  3                             10        10
    Total of all populations     1        30
                                 2        30
                                 3        30
                                 4        30
                                 5        30
                                 6        30
                                 7        30
                                 8        30
                                 9        30
                                10        30

[  8] 08:46:14   Burn-in of 50000 steps (Locus: 8/10, Replicate: 1/1) 
[  2] 08:46:14   Burn-in of 50000 steps (Locus: 2/10, Replicate: 1/1) 
[  7] 08:46:14   Burn-in of 50000 steps (Locus: 7/10, Replicate: 1/1) 
[  1] 08:46:14   Burn-in of 50000 steps (Locus: 1/10, Replicate: 1/1) 
[  4] 08:46:14   Burn-in of 50000 steps (Locus: 4/10, Replicate: 1/1) 
[  5] 08:46:14   Burn-in of 50000 steps (Locus: 5/10, Replicate: 1/1) 
[  6] 08:46:14   Burn-in of 50000 steps (Locus: 6/10, Replicate: 1/1) 
[  3] 08:46:14   Burn-in of 50000 steps (Locus: 3/10, Replicate: 1/1) 
[  2] 08:47:09   Sampling of 50000 steps (Locus: 2/10, Replicate: 1/1) 
[  8] 08:47:15   Sampling of 50000 steps (Locus: 8/10, Replicate: 1/1) 
[  5] 08:47:17   Sampling of 50000 steps (Locus: 5/10, Replicate: 1/1) 
[  3] 08:47:18   Sampling of 50000 steps (Locus: 3/10, Replicate: 1/1) 
[  4] 08:47:19   Sampling of 50000 steps (Locus: 4/10, Replicate: 1/1) 
[  1] 08:47:20   Sampling of 50000 steps (Locus: 1/10, Replicate: 1/1) 
[  6] 08:47:21   Sampling of 50000 steps (Locus: 6/10, Replicate: 1/1) 
[  7] 08:47:27   Sampling of 50000 steps (Locus: 7/10, Replicate: 1/1) 
[  2] 08:47:36   Sampling Temp[4]:(1,1.5,3,1e+06) Acc(0.13,0.15,0.16,0.19) Swap(3432,3,0)
                Param={ 0.005609 0.00203 0.001672 788.9 300.4 334.9 426.8 581.4 608.6}
[  2] 08:47:36   Burn-in of 50000 steps (Locus: 9/10, Replicate: 1/1) 
[  8] 08:47:42   Sampling Temp[4]:(1,1.5,3,1e+06) Acc(0.13,0.15,0.14,0.10) Swap(40,0,0)
                Param={ 0.008135 0.005281 0.009284 1314 26.69 380.1 81.56 88.06 129.1}
[  8] 08:47:42   Burn-in of 50000 steps (Locus: 10/10, Replicate: 1/1) 
[  3] 08:47:49   Sampling Temp[4]:(1,1.5,3,1e+06) Acc(0.13,0.13,0.14,0.13) Swap(183,254,0)
                Param={ 0.003793 0.004113 0.01719 568.9 330.3 365.6 45.8 334.7 25.51}
[  5] 08:47:51   Sampling Temp[4]:(1,1.5,3,1e+06) Acc(0.14,0.17,0.23,0.09) Swap(567,0,0)
                Param={ 0.005013 0.007313 0.01434 93.98 255.2 1124 355.6 667.7 244.2}
[  4] 08:47:53   Sampling Temp[4]:(1,1.5,3,1e+06) Acc(0.14,0.14,0.14,0.11) Swap(2722,0,0)
                Param={ 0.001434 0.01222 0.01183 324.6 354.2 431.3 460.8 98.72 375.6}
[  1] 08:47:54   Sampling Temp[4]:(1,1.5,3,1e+06) Acc(0.12,0.10,0.13,0.09) Swap(6,55,0)
                Param={ 0.01431 0.005002 0.01131 307.4 25.67 121.3 65.82 591.8 13.77}
[  6] 08:47:57   Sampling Temp[4]:(1,1.5,3,1e+06) Acc(0.12,0.11,0.12,0.16) Swap(459,0,0)
                Param={ 0.005924 0.004828 0.01502 2156 264.1 508.7 287.6 372.4 42.66}
[  7] 08:48:04   Sampling Temp[4]:(1,1.5,3,1e+06) Acc(0.11,0.13,0.11,0.08) Swap(1733,0,0)
                Param={ 0.002234 0.04156 0.0188 50.58 1003 1652 346.6 193.7 159.8}
[  8] 08:48:40   Sampling of 50000 steps (Locus: 10/10, Replicate: 1/1) 
[  2] 08:48:43   Sampling of 50000 steps (Locus: 9/10, Replicate: 1/1) 
[  8] 08:49:06   Sampling Temp[4]:(1,1.5,3,1e+06) Acc(0.10,0.10,0.12,0.16) Swap(1419,115,0)
                Param={ 0.007297 0.006313 0.05737 153.4 438.5 812 790.6 326.1 1130}
[  2] 08:49:11   Sampling Temp[4]:(1,1.5,3,1e+06) Acc(0.16,0.15,0.13,0.20) Swap(0,0,0)
                Param={ 0.002583 0.003004 0.03422 313.9 745.4 41.57 439.4 675.8 360.3}



Acceptance ratios for all parameters and the genealogies
---------------------------------------------------------------------

Parameter           Accepted changes               Ratio
Theta_1                  13210/27808             0.47504
Theta_2                  12202/28057             0.43490
Theta_3                  13398/27627             0.48496
M_2->1                   10999/27912             0.39406
M_3->1                   11476/27837             0.41226
M_1->2                   12952/27749             0.46676
M_3->2                   11849/27953             0.42389
M_1->3                   13343/27691             0.48185
M_2->3                   12621/27526             0.45851
Genealogies              31802/249840             0.12729



Autocorrelation for all parameters and the genealogies
------------------------------------------------------------------------

Parameter           Autocorrelation                Effective Sample size
Theta_1                   0.928                  2589.498
Theta_2                   0.906                  3485.367
Theta_3                   0.909                  3241.363
M_2->1                   0.905                  3296.946
M_3->1                   0.912                  3080.558
M_1->2                   0.909                  3142.617
M_3->2                   0.894                  3903.262
M_1->3                   0.909                  3441.723
M_2->3                   0.924                  2885.909
Genealogies               0.899                   3831.784



Log-Probability of the data given the model (marginal likelihood = log(P(D|thisModel))
--------------------------------------------------------------------
[Use this value for Bayes factor calculations:
BF = Exp[log(P(D|thisModel) - log(P(D|otherModel)]
shows the support for thisModel]



Locus      Raw Thermodynamic score(1a)  Bezier approximated score(1b)      Harmonic mean(2)
------------------------------------------------------------------------------------------
      1              -3442.08                      -2489.15               -2286.74
      2              -2885.06                      -2129.38               -1961.76
      3              -3107.43                      -2277.52               -2114.80
      4              -3667.13                      -2474.43               -2233.42
      5              -3195.72                      -2356.72               -2180.98
      6              -3141.65                      -2459.70               -2302.43
      7              -3064.77                      -2346.53               -2200.12
      8              -3640.68                      -2508.14               -2248.79
      9              -3630.36                      -2516.64               -2270.53
     10              -3146.89                      -2314.83               -2152.76
---------------------------------------------------------------------------------------
  All               -32800.40                     -23751.68              -21966.41
[Scaling factor = 121.358912]


(1a) Thermodynamic integration: log(Prob(D|Model)): Good approximation with many temperatures
(1b) Bezier-approximated Thermodynamic integration: when using few temperatures USE THIS!
(2)  Harmonic mean approximation: Overestimates the marginal likelihood, poor variance

08:49:31   Program finished
