Reading parmfile "parmfile_model2"....
 ++++++++++++++++++++++++++++++++++++++++++++++++++++++++++++++++++
 +                                                                +
 +   POPULATION SIZE, MIGRATION, DIVERGENCE, ASSIGNMENT, HISTORY  +
 +   Bayesian inference using the structured coalescent           +
 +                                                                +
 ++++++++++++++++++++++++++++++++++++++++++++++++++++++++++++++++++
  Compiled for a PARALLEL COMPUTER ARCHITECTURE
  One master and 8 compute nodes are available.
  Using Intel AVX (Advanced Vector Extensions)
  Compiled for a SYMMETRIC multiprocessors (GrandCentral)
  PDF output enabled [Letter-size]
  Version 4.4.3(git:)   [March-21-2019]
  Program started at   Sat Jun  1 23:10:17 2019


Master random number seed: 938725822


Reading (1) Arbon_1 ...
Reading (2) Berg_2 ...
Reading (3) Chur_3 ...


Options in use:
---------------

Analysis strategy is BAYESIAN INFERENCE
    - Population size estimation: Theta [Exponential Distribution]
    - Geneflow estimation: Migration [Exponential Distribution]
    - Divergence estimation: Divergence time [Normal Distribution [Shortcut] with mean and]
                                             [and standard deviation sigma     ]

Proposal distribution:
Parameter group          Proposal type
-----------------------  -------------------
Population size (Theta)  Metropolis sampling
Migration rate      (M)  Metropolis sampling
Divergence Time (D)  Metropolis sampling
Divergence time spread (STD) Metropolis sampling
Genealogy                Metropolis-Hastings


Prior distribution (Proposal-delta will be tuned to acceptance frequence 0.440000):
Parameter group            Prior type   Minimum    Mean(*)    Maximum    Delta      Bins   Updatefreq
-------------------------  ------------ ---------- ---------- ---------- ---------- ------ -------
Population size (Theta_1)      Uniform  0.000000   0.050000   0.100000   0.010000    1500  0.05556
Population size (Theta_2)      Uniform  0.000000   0.050000   0.100000   0.010000    1500  0.05556
Population size (Theta_3)      Uniform  0.000000   0.050000   0.100000   0.010000    1500  0.05556
Migration 1 to 2   (M)         Uniform  0.000000  500.000000 1000.00000 100.000000   1500  0.05556
Migration 2 to 3   (M)         Uniform  0.000000  500.000000 1000.00000 100.000000   1500  0.05556
Ancestor 1 to 2 (D_time)      Uniform  0.000000   0.050000   0.100000   0.010000    1500  0.05556
Ancestor 1 to 2 (S_time)      Uniform  0.000000   0.050000   0.100000   0.100000    1500  0.05556
Ancestor 2 to 3 (D_time)      Uniform  0.000000   0.050000   0.100000   0.010000    1500  0.05556
Ancestor 2 to 3 (S_time)      Uniform  0.000000   0.050000   0.100000   0.100000    1500  0.05556




Inheritance scalers in use for Thetas (specified scalars=1)
1.00 1.00 1.00 1.00 1.00 
1.00 1.00 1.00 1.00 1.00 

[Each Theta uses the (true) inheritance scalar of the first locus as a reference]


Pseudo-random number generator: Mersenne-Twister                                
Random number seed (with internal timer)            938725822

Start parameters:
   First genealogy was started using a random tree
   Start parameter values were generated
Connection matrix:
m = average (average over a group of Thetas or M,
s = symmetric migration M, S = symmetric 4Nm,
0 = zero, and not estimated,
* = migration free to vary, Thetas are on diagonal
d = row population split off column population
D = split and then migration
   1 Arbon_1        * 0 0 
   2 Berg_2         D * 0 
   3 Chur_3         0 D * 



Mutation rate is constant for all loci

Markov chain settings:
   Long chains (long-chains):                              1
      Steps sampled (long-inc*samples):                50000
      Steps recorded (long-sample):                     5000
   Static heating scheme
      4 chains with  temperatures
       1.00, 1.50, 3.00,1000000.00
      Swapping interval is 1
   Burn-in per replicate (samples*inc):                50000

Print options:
   Data file:                                         infile
   Haplotyping is turned on:                              NO
   Output file (ASCII text):                  outfile_model2
   Output file (PDF):                     outfile_model2.pdf
   Posterior distribution:                         bayesfile
   Print data:                                            No
   Print genealogies:                                     No

Summary of data:
Title:                     Current protocols example dataset
Data file:                                            infile
Datatype:                                     Haplotype data
Number of loci:                                           10
Mutationmodel:
 Locus  Sublocus  Mutationmodel   Mutationmodel parameter
-----------------------------------------------------------------
     1         1 Jukes-Cantor    [Basefreq: =0.25]
     2         1 Jukes-Cantor    [Basefreq: =0.25]
     3         1 Jukes-Cantor    [Basefreq: =0.25]
     4         1 Jukes-Cantor    [Basefreq: =0.25]
     5         1 Jukes-Cantor    [Basefreq: =0.25]
     6         1 Jukes-Cantor    [Basefreq: =0.25]
     7         1 Jukes-Cantor    [Basefreq: =0.25]
     8         1 Jukes-Cantor    [Basefreq: =0.25]
     9         1 Jukes-Cantor    [Basefreq: =0.25]
    10         1 Jukes-Cantor    [Basefreq: =0.25]


Sites per locus
---------------
Locus    Sites
     1     1000
     2     1000
     3     1000
     4     1000
     5     1000
     6     1000
     7     1000
     8     1000
     9     1000
    10     1000

Population                   Locus   Gene copies    
----------------------------------------------------
  1 Arbon_1                      1        10
  1                              2        10
  1                              3        10
  1                              4        10
  1                              5        10
  1                              6        10
  1                              7        10
  1                              8        10
  1                              9        10
  1                             10        10
  2 Berg_2                       1        10
  2                              2        10
  2                              3        10
  2                              4        10
  2                              5        10
  2                              6        10
  2                              7        10
  2                              8        10
  2                              9        10
  2                             10        10
  3 Chur_3                       1        10
  3                              2        10
  3                              3        10
  3                              4        10
  3                              5        10
  3                              6        10
  3                              7        10
  3                              8        10
  3                              9        10
  3                             10        10
    Total of all populations     1        30
                                 2        30
                                 3        30
                                 4        30
                                 5        30
                                 6        30
                                 7        30
                                 8        30
                                 9        30
                                10        30

[  8] 23:10:17   Burn-in of 50000 steps (Locus: 8/10, Replicate: 1/1) 
[  2] 23:10:17   Burn-in of 50000 steps (Locus: 2/10, Replicate: 1/1) 
[  4] 23:10:17   Burn-in of 50000 steps (Locus: 4/10, Replicate: 1/1) 
[  5] 23:10:17   Burn-in of 50000 steps (Locus: 5/10, Replicate: 1/1) 
[  3] 23:10:17   Burn-in of 50000 steps (Locus: 3/10, Replicate: 1/1) 
[  6] 23:10:17   Burn-in of 50000 steps (Locus: 6/10, Replicate: 1/1) 
[  1] 23:10:17   Burn-in of 50000 steps (Locus: 1/10, Replicate: 1/1) 
[  7] 23:10:17   Burn-in of 50000 steps (Locus: 7/10, Replicate: 1/1) 
[  2] 23:10:54   Sampling of 50000 steps (Locus: 2/10, Replicate: 1/1) 
[  1] 23:10:57   Sampling of 50000 steps (Locus: 1/10, Replicate: 1/1) 
[  7] 23:10:57   Sampling of 50000 steps (Locus: 7/10, Replicate: 1/1) 
[  8] 23:10:58   Sampling of 50000 steps (Locus: 8/10, Replicate: 1/1) 
[  3] 23:10:58   Sampling of 50000 steps (Locus: 3/10, Replicate: 1/1) 
[  4] 23:10:58   Sampling of 50000 steps (Locus: 4/10, Replicate: 1/1) 
[  5] 23:11:00   Sampling of 50000 steps (Locus: 5/10, Replicate: 1/1) 
[  6] 23:11:00   Sampling of 50000 steps (Locus: 6/10, Replicate: 1/1) 
[  2] 23:11:16   Sampling Temp[4]:(1,1.5,3,1e+06) Acc(0.17,0.19,0.24,1.00) Swap(2727,238,0)
                Param={ 0.002919 0.003158 0.004604 0 0 452.7 0 0 32.85 0.03437 0.01655 0.00744 0.0512}
[  2] 23:11:16   Burn-in of 50000 steps (Locus: 9/10, Replicate: 1/1) 
[  1] 23:11:21   Sampling Temp[4]:(1,1.5,3,1e+06) Acc(0.14,0.14,0.16,1.00) Swap(1019,383,0)
                Param={ 0.01935 0.002047 0.01537 0 0 446.2 0 0 25.8 0.0463 0.0311 0.06391 0.06958}
[  1] 23:11:21   Burn-in of 50000 steps (Locus: 10/10, Replicate: 1/1) 
[  8] 23:11:22   Sampling Temp[4]:(1,1.5,3,1e+06) Acc(0.15,0.17,0.21,1.00) Swap(1796,365,0)
                Param={ 0.007978 0.06699 0.006336 0 0 125.2 0 0 3.378 0.02002 0.03902 0.02458 0.09417}
[  7] 23:11:23   Sampling Temp[4]:(1,1.5,3,1e+06) Acc(0.13,0.13,0.18,1.00) Swap(2039,287,0)
                Param={ 0.005693 0.01275 0.06226 0 0 273.5 0 0 2.938 0.0128 0.09227 0.04682 0.007499}
[  3] 23:11:23   Sampling Temp[4]:(1,1.5,3,1e+06) Acc(0.16,0.17,0.21,1.00) Swap(2289,455,0)
                Param={ 0.008389 0.01019 0.01883 0 0 976.5 0 0 5.259 0.01558 0.01053 0.0726 0.05209}
[  4] 23:11:23   Sampling Temp[4]:(1,1.5,3,1e+06) Acc(0.17,0.17,0.21,1.00) Swap(1941,244,0)
                Param={ 0.005615 0.01395 0.01395 0 0 457.1 0 0 58.8 0.006432 0.05766 0.06757 0.044}
[  5] 23:11:24   Sampling Temp[4]:(1,1.5,3,1e+06) Acc(0.20,0.23,0.27,1.00) Swap(1633,172,0)
                Param={ 0.01874 0.003116 0.01155 0 0 338 0 0 150.5 0.03346 0.06945 0.08195 0.0534}
[  6] 23:11:25   Sampling Temp[4]:(1,1.5,3,1e+06) Acc(0.15,0.16,0.22,1.01) Swap(2132,159,0)
                Param={ 0.007407 0.003641 0.04136 0 0 845.7 0 0 1.86 0.04452 0.02722 0.008975 0.08244}
[  2] 23:11:45   Sampling of 50000 steps (Locus: 9/10, Replicate: 1/1) 
[  1] 23:11:50   Sampling of 50000 steps (Locus: 10/10, Replicate: 1/1) 
[  2] 23:11:59   Sampling Temp[4]:(1,1.5,3,1e+06) Acc(0.17,0.19,0.24,1.00) Swap(2272,412,0)
                Param={ 0.009269 0.004727 0.06477 0 0 28.25 0 0 145.9 0.0104 0.02942 0.001414 0.002592}
[  1] 23:12:03   Sampling Temp[4]:(1,1.5,3,1e+06) Acc(0.12,0.14,0.17,1.00) Swap(1370,210,0)
                Param={ 0.004939 0.02995 0.01423 0 0 46.03 0 0 86.62 0.007576 0.03971 0.00128 0.008307}



Acceptance ratios for all parameters and the genealogies
---------------------------------------------------------------------

Parameter           Accepted changes               Ratio
Theta_1                  11902/28005             0.42500
Theta_2                  10905/27877             0.39118
Theta_3                  11057/28003             0.39485
M_1->2                   14598/27841             0.52433
M_2->3                   12771/27954             0.45686
D_1->2                    19943/27730             0.71918
S_1->2                    23899/27685             0.86325
D_2->3                    23899/27741             0.86150
S_2->3                    38768/27609             1.40418
Genealogies              38768/249555             0.15535



Autocorrelation for all parameters and the genealogies
------------------------------------------------------------------------

Parameter           Autocorrelation                Effective Sample size
Theta_1                   0.920                  3005.348
Theta_2                   0.914                  2933.084
Theta_3                   0.854                  5315.020
M_1->2                   0.916                  3185.175
M_2->3                   0.931                  2364.299
D_1->2                    0.895                  4525.492
S_1->2                    0.899                  4362.761
D_2->3                    0.839                  6014.854
S_2->3                    0.835                  6177.517
Genealogies               0.836                   6236.019



Log-Probability of the data given the model (marginal likelihood = log(P(D|thisModel))
--------------------------------------------------------------------
[Use this value for Bayes factor calculations:
BF = Exp[log(P(D|thisModel) - log(P(D|otherModel)]
shows the support for thisModel]



Locus      Raw Thermodynamic score(1a)  Bezier approximated score(1b)      Harmonic mean(2)
------------------------------------------------------------------------------------------
      1              -2942.17                      -2387.88               -2282.26
      2              -2494.51                      -2038.41               -1951.83
      3              -2690.40                      -2194.29               -2106.00
      4              -3057.58                      -2360.25               -2228.49
      5              -2771.11                      -2266.37               -2167.88
      6              -2787.65                      -2369.88               -2290.06
      7              -2758.31                      -2282.16               -2192.99
      8              -2833.71                      -2315.43               -2219.44
      9              -2869.00                      -2358.58               -2266.97
     10              -2672.20                      -2229.00               -2143.27
---------------------------------------------------------------------------------------
  All               -27835.24                     -22760.84              -21912.69
[Scaling factor = 41.396917]


(1a) Thermodynamic integration: log(Prob(D|Model)): Good approximation with many temperatures
(1b) Bezier-approximated Thermodynamic integration: when using few temperatures USE THIS!
(2)  Harmonic mean approximation: Overestimates the marginal likelihood, poor variance


POTENTIAL PROBLEMS
------------------------------------------------------------------------------------------
This section reports potential problems with your run, but such reporting is often not 
very accurate. Whith many parameters in a multilocus analysis, it is very common that 
some parameters for some loci will not be very informative, triggering suggestions (for 
example to increase the prior range) that are not sensible. This suggestion tool will 
improve with time, therefore do not blindly follow its suggestions. If some parameters 
are flagged, inspect the tables carefully and judge wether an action is required. For 
example, if you run a Bayesian inference with sequence data, for macroscopic species 
there is rarely the need to increase the prior for Theta beyond 0.1; but if you use 
microsatellites it is rather common that your prior distribution for Theta should have a 
range from 0.0 to 100 or more. With many populations (>3) it is also very common that 
some migration routes are estimated poorly because the data contains little or no 
information for that route. Increasing the range will not help in such situations, 
reducing number of parameters may help in such situations.
------------------------------------------------------------------------------------------
Param 13 (Locus 5): Upper prior boundary seems too low! 
------------------------------------------------------------------------------------------
23:12:23   Program finished
