Reading parmfile "parmfile_model3"....
 ++++++++++++++++++++++++++++++++++++++++++++++++++++++++++++++++++
 +                                                                +
 +   POPULATION SIZE, MIGRATION, DIVERGENCE, ASSIGNMENT, HISTORY  +
 +   Bayesian inference using the structured coalescent           +
 +                                                                +
 ++++++++++++++++++++++++++++++++++++++++++++++++++++++++++++++++++
  Compiled for a PARALLEL COMPUTER ARCHITECTURE
  One master and 8 compute nodes are available.
  Using Intel AVX (Advanced Vector Extensions)
  Compiled for a SYMMETRIC multiprocessors (GrandCentral)
  PDF output enabled [Letter-size]
  Version 4.4.3(git:)   [March-21-2019]
  Program started at   Sat Jun  1 23:12:23 2019


Master random number seed: 362897673


Reading (1) Arbon_1 ...
Reading (2) Berg_2 ...
Reading (3) Chur_3 ...


Options in use:
---------------

Analysis strategy is BAYESIAN INFERENCE
    - Population size estimation: Theta [Exponential Distribution]
    - Geneflow estimation: Migration [Exponential Distribution]
    - Divergence estimation: Divergence time [Normal Distribution [Shortcut] with mean and]
                                             [and standard deviation sigma     ]

Proposal distribution:
Parameter group          Proposal type
-----------------------  -------------------
Population size (Theta)  Metropolis sampling
Migration rate      (M)  Metropolis sampling
Divergence Time (D)  Metropolis sampling
Divergence time spread (STD) Metropolis sampling
Genealogy                Metropolis-Hastings


Prior distribution (Proposal-delta will be tuned to acceptance frequence 0.440000):
Parameter group            Prior type   Minimum    Mean(*)    Maximum    Delta      Bins   Updatefreq
-------------------------  ------------ ---------- ---------- ---------- ---------- ------ -------
Population size (Theta_1)      Uniform  0.000000   0.050000   0.100000   0.010000    1500  0.12500
Population size (Theta_2)      Uniform  0.000000   0.050000   0.100000   0.010000    1500  0.12500
Ancestor 1 to 2 (D_time)      Uniform  0.000000   0.050000   0.100000   0.010000    1500  0.12500
Ancestor 1 to 2 (S_time)      Uniform  0.000000   0.050000   0.100000   0.100000    1500  0.12500




Inheritance scalers in use for Thetas (specified scalars=1)
1.00 1.00 1.00 1.00 1.00 
1.00 1.00 1.00 1.00 1.00 

[Each Theta uses the (true) inheritance scalar of the first locus as a reference]


Pseudo-random number generator: Mersenne-Twister                                
Random number seed (with internal timer)            362897673

Start parameters:
   First genealogy was started using a random tree
   Start parameter values were generated
Connection matrix:
m = average (average over a group of Thetas or M,
s = symmetric migration M, S = symmetric 4Nm,
0 = zero, and not estimated,
* = migration free to vary, Thetas are on diagonal
d = row population split off column population
D = split and then migration
   1 Arbon_1        * * 0 
   1 Berg_2         * * 0 
   2 Chur_3         d d * 



Mutation rate is constant for all loci

Markov chain settings:
   Long chains (long-chains):                              1
      Steps sampled (long-inc*samples):                50000
      Steps recorded (long-sample):                     5000
   Static heating scheme
      4 chains with  temperatures
       1.00, 1.50, 3.00,1000000.00
      Swapping interval is 1
   Burn-in per replicate (samples*inc):                50000

Print options:
   Data file:                                         infile
   Haplotyping is turned on:                              NO
   Output file (ASCII text):                  outfile_model3
   Output file (PDF):                     outfile_model3.pdf
   Posterior distribution:                         bayesfile
   Print data:                                            No
   Print genealogies:                                     No

Summary of data:
Title:                     Current protocols example dataset
Data file:                                            infile
Datatype:                                     Haplotype data
Number of loci:                                           10
Mutationmodel:
 Locus  Sublocus  Mutationmodel   Mutationmodel parameter
-----------------------------------------------------------------
     1         1 Jukes-Cantor    [Basefreq: =0.25]
     2         1 Jukes-Cantor    [Basefreq: =0.25]
     3         1 Jukes-Cantor    [Basefreq: =0.25]
     4         1 Jukes-Cantor    [Basefreq: =0.25]
     5         1 Jukes-Cantor    [Basefreq: =0.25]
     6         1 Jukes-Cantor    [Basefreq: =0.25]
     7         1 Jukes-Cantor    [Basefreq: =0.25]
     8         1 Jukes-Cantor    [Basefreq: =0.25]
     9         1 Jukes-Cantor    [Basefreq: =0.25]
    10         1 Jukes-Cantor    [Basefreq: =0.25]


Sites per locus
---------------
Locus    Sites
     1     1000
     2     1000
     3     1000
     4     1000
     5     1000
     6     1000
     7     1000
     8     1000
     9     1000
    10     1000

Population                   Locus   Gene copies    
----------------------------------------------------
  1 Arbon_1                      1        10
  1                              2        10
  1                              3        10
  1                              4        10
  1                              5        10
  1                              6        10
  1                              7        10
  1                              8        10
  1                              9        10
  1                             10        10
  1 Berg_2                       1        10
  1                              2        10
  1                              3        10
  1                              4        10
  1                              5        10
  1                              6        10
  1                              7        10
  1                              8        10
  1                              9        10
  1                             10        10
  2 Chur_3                       1        10
  2                              2        10
  2                              3        10
  2                              4        10
  2                              5        10
  2                              6        10
  2                              7        10
  2                              8        10
  2                              9        10
  2                             10        10
    Total of all populations     1        30
                                 2        30
                                 3        30
                                 4        30
                                 5        30
                                 6        30
                                 7        30
                                 8        30
                                 9        30
                                10        30

[  4] 23:12:24   Burn-in of 50000 steps (Locus: 4/10, Replicate: 1/1) 
[  8] 23:12:24   Burn-in of 50000 steps (Locus: 8/10, Replicate: 1/1) 
[  7] 23:12:24   Burn-in of 50000 steps (Locus: 7/10, Replicate: 1/1) 
[  5] 23:12:24   Burn-in of 50000 steps (Locus: 5/10, Replicate: 1/1) 
[  6] 23:12:24   Burn-in of 50000 steps (Locus: 6/10, Replicate: 1/1) 
[  2] 23:12:24   Burn-in of 50000 steps (Locus: 2/10, Replicate: 1/1) 
[  3] 23:12:24   Burn-in of 50000 steps (Locus: 3/10, Replicate: 1/1) 
[  1] 23:12:24   Burn-in of 50000 steps (Locus: 1/10, Replicate: 1/1) 
[  2] 23:12:47   Sampling of 50000 steps (Locus: 2/10, Replicate: 1/1) 
[  7] 23:12:47   Sampling of 50000 steps (Locus: 7/10, Replicate: 1/1) 
[  3] 23:12:48   Sampling of 50000 steps (Locus: 3/10, Replicate: 1/1) 
[  5] 23:12:48   Sampling of 50000 steps (Locus: 5/10, Replicate: 1/1) 
[  6] 23:12:48   Sampling of 50000 steps (Locus: 6/10, Replicate: 1/1) 
[  8] 23:12:48   Sampling of 50000 steps (Locus: 8/10, Replicate: 1/1) 
[  1] 23:12:48   Sampling of 50000 steps (Locus: 1/10, Replicate: 1/1) 
[  4] 23:12:48   Sampling of 50000 steps (Locus: 4/10, Replicate: 1/1) 
[  2] 23:13:00   Sampling Temp[4]:(1,1.5,3,1e+06) Acc(0.14,0.16,0.20,1.00) Swap(2403,216,0)
                Param={ 0.009528 0.00713 0 0 0.04801 0.08566}
[  2] 23:13:00   Burn-in of 50000 steps (Locus: 9/10, Replicate: 1/1) 
[  3] 23:13:02   Sampling Temp[4]:(1,1.5,3,1e+06) Acc(0.15,0.17,0.20,1.00) Swap(2614,588,0)
                Param={ 0.01184 0.01263 0 0 0.08838 0.09791}
[  3] 23:13:02   Burn-in of 50000 steps (Locus: 10/10, Replicate: 1/1) 
[  7] 23:13:02   Sampling Temp[4]:(1,1.5,3,1e+06) Acc(0.13,0.16,0.19,1.01) Swap(2467,636,0)
                Param={ 0.01818 0.02112 0 0 0.005587 0.07868}
[  6] 23:13:02   Sampling Temp[4]:(1,1.5,3,1e+06) Acc(0.14,0.16,0.21,0.99) Swap(2378,378,0)
                Param={ 0.00445 0.03407 0 0 0.006339 0.07111}
[  5] 23:13:03   Sampling Temp[4]:(1,1.5,3,1e+06) Acc(0.20,0.23,0.30,1.00) Swap(1954,516,0)
                Param={ 0.004384 0.04534 0 0 0.01292 0.07607}
[  8] 23:13:03   Sampling Temp[4]:(1,1.5,3,1e+06) Acc(0.13,0.15,0.18,1.00) Swap(2726,502,0)
                Param={ 0.01144 0.01518 0 0 0.02207 0.08407}
[  1] 23:13:03   Sampling Temp[4]:(1,1.5,3,1e+06) Acc(0.12,0.14,0.19,1.00) Swap(2136,528,0)
                Param={ 0.006774 0.02886 0 0 0.06162 0.03256}
[  4] 23:13:03   Sampling Temp[4]:(1,1.5,3,1e+06) Acc(0.14,0.15,0.19,0.99) Swap(2909,210,0)
                Param={ 0.01096 0.02619 0 0 0.06166 0.06661}
[  2] 23:13:17   Sampling of 50000 steps (Locus: 9/10, Replicate: 1/1) 
[  3] 23:13:18   Sampling of 50000 steps (Locus: 10/10, Replicate: 1/1) 
[  2] 23:13:26   Sampling Temp[4]:(1,1.5,3,1e+06) Acc(0.15,0.16,0.20,1.00) Swap(2260,775,0)
                Param={ 0.01072 0.01342 0 0 0.09697 0.06078}
[  3] 23:13:26   Sampling Temp[4]:(1,1.5,3,1e+06) Acc(0.11,0.12,0.17,1.00) Swap(2564,249,0)
                Param={ 0.01119 0.01427 0 0 0.06753 0.0385}



Acceptance ratios for all parameters and the genealogies
---------------------------------------------------------------------

Parameter           Accepted changes               Ratio
Theta_1                  24129/62347             0.38701
Theta_2                  26782/62578             0.42798
D_1->2                    55680/62682             0.88829
S_1->2                    35433/62626             0.56579
Genealogies              35433/249767             0.14186



Autocorrelation for all parameters and the genealogies
------------------------------------------------------------------------

Parameter           Autocorrelation                Effective Sample size
Theta_1                   0.788                  8542.077
Theta_2                   0.745                  9553.652
D_1->2                    0.639                 15506.750
S_1->2                    0.603                 17434.851
Genealogies               0.806                   7655.678



Log-Probability of the data given the model (marginal likelihood = log(P(D|thisModel))
--------------------------------------------------------------------
[Use this value for Bayes factor calculations:
BF = Exp[log(P(D|thisModel) - log(P(D|otherModel)]
shows the support for thisModel]



Locus      Raw Thermodynamic score(1a)  Bezier approximated score(1b)      Harmonic mean(2)
------------------------------------------------------------------------------------------
      1              -2525.87                      -2316.73               -2281.82
      2              -2124.94                      -1982.52               -1952.17
      3              -2307.21                      -2128.53               -2103.99
      4              -2521.26                      -2267.52               -2225.59
      5              -2399.43                      -2200.76               -2165.07
      6              -2529.73                      -2326.81               -2289.94
      7              -2442.28                      -2224.89               -2191.52
      8              -2491.58                      -2257.47               -2219.43
      9              -2525.97                      -2297.98               -2264.17
     10              -2374.60                      -2178.67               -2144.50
---------------------------------------------------------------------------------------
  All               -24234.35                     -22173.37              -21916.15
[Scaling factor = 8.513672]


(1a) Thermodynamic integration: log(Prob(D|Model)): Good approximation with many temperatures
(1b) Bezier-approximated Thermodynamic integration: when using few temperatures USE THIS!
(2)  Harmonic mean approximation: Overestimates the marginal likelihood, poor variance


POTENTIAL PROBLEMS
------------------------------------------------------------------------------------------
This section reports potential problems with your run, but such reporting is often not 
very accurate. Whith many parameters in a multilocus analysis, it is very common that 
some parameters for some loci will not be very informative, triggering suggestions (for 
example to increase the prior range) that are not sensible. This suggestion tool will 
improve with time, therefore do not blindly follow its suggestions. If some parameters 
are flagged, inspect the tables carefully and judge wether an action is required. For 
example, if you run a Bayesian inference with sequence data, for macroscopic species 
there is rarely the need to increase the prior for Theta beyond 0.1; but if you use 
microsatellites it is rather common that your prior distribution for Theta should have a 
range from 0.0 to 100 or more. With many populations (>3) it is also very common that 
some migration routes are estimated poorly because the data contains little or no 
information for that route. Increasing the range will not help in such situations, 
reducing number of parameters may help in such situations.
------------------------------------------------------------------------------------------
Param 6 (Locus 3): Upper prior boundary seems too low! 
Param 6 (Locus 4): Upper prior boundary seems too low! 
------------------------------------------------------------------------------------------
23:13:46   Program finished
