Reading parmfile "parmfile_model1"....
 ++++++++++++++++++++++++++++++++++++++++++++++++++++++++++++++++++
 +                                                                +
 +   POPULATION SIZE, MIGRATION, DIVERGENCE, ASSIGNMENT, HISTORY  +
 +   Bayesian inference using the structured coalescent           +
 +                                                                +
 ++++++++++++++++++++++++++++++++++++++++++++++++++++++++++++++++++
  Compiled for a PARALLEL COMPUTER ARCHITECTURE
  One master and 8 compute nodes are available.
  Using Intel AVX (Advanced Vector Extensions)
  Compiled for a SYMMETRIC multiprocessors (GrandCentral)
  PDF output enabled [Letter-size]
  Version 4.4.3(git:)   [March-21-2019]
  Program started at   Sat Jun  1 23:24:17 2019


Master random number seed: 2678086089


Reading (1) Arbon_1 ...
Reading (2) Berg_2 ...
Reading (3) Chur_3 ...


Options in use:
---------------

Analysis strategy is BAYESIAN INFERENCE
    - Population size estimation: Theta [Exponential Distribution]
    - Geneflow estimation: Migration [Exponential Distribution]

Proposal distribution:
Parameter group          Proposal type
-----------------------  -------------------
Population size (Theta)  Metropolis sampling
Migration rate      (M)  Metropolis sampling
Divergence Time (D)  Metropolis sampling
Divergence time spread (STD) Metropolis sampling
Genealogy                Metropolis-Hastings


Prior distribution (Proposal-delta will be tuned to acceptance frequence 0.440000):
Parameter group            Prior type   Minimum    Mean(*)    Maximum    Delta      Bins   Updatefreq
-------------------------  ------------ ---------- ---------- ---------- ---------- ------ -------
Population size (Theta_1)      Uniform  0.000000   0.050000   0.100000   0.010000    1500  0.10000
Population size (Theta_2)      Uniform  0.000000   0.050000   0.100000   0.010000    1500  0.10000
Population size (Theta_3)      Uniform  0.000000   0.050000   0.100000   0.010000    1500  0.10000
Migration 1 to 2   (M)         Uniform  0.000000  500.000000 1000.00000 100.000000   1500  0.10000
Migration 2 to 3   (M)         Uniform  0.000000  500.000000 1000.00000 100.000000   1500  0.10000




Inheritance scalers in use for Thetas (specified scalars=1)
1.00 1.00 1.00 1.00 1.00 
1.00 1.00 1.00 1.00 1.00 

[Each Theta uses the (true) inheritance scalar of the first locus as a reference]


Pseudo-random number generator: Mersenne-Twister                                
Random number seed (with internal timer)           2678086089

Start parameters:
   First genealogy was started using a random tree
   Start parameter values were generated
Connection matrix:
m = average (average over a group of Thetas or M,
s = symmetric migration M, S = symmetric 4Nm,
0 = zero, and not estimated,
* = migration free to vary, Thetas are on diagonal
d = row population split off column population
D = split and then migration
   1 Arbon_1        * 0 0 
   2 Berg_2         * * 0 
   3 Chur_3         0 * * 



Mutation rate is constant for all loci

Markov chain settings:
   Long chains (long-chains):                              1
      Steps sampled (long-inc*samples):                50000
      Steps recorded (long-sample):                     5000
   Static heating scheme
      4 chains with  temperatures
       1.00, 1.50, 3.00,1000000.00
      Swapping interval is 1
   Burn-in per replicate (samples*inc):                50000

Print options:
   Data file:                                         infile
   Haplotyping is turned on:                              NO
   Output file (ASCII text):                  outfile_model1
   Output file (PDF):                     outfile_model1.pdf
   Posterior distribution:                         bayesfile
   Print data:                                            No
   Print genealogies:                                     No

Summary of data:
Title:                     Current protocols example dataset
Data file:                                            infile
Datatype:                                     Haplotype data
Number of loci:                                           10
Mutationmodel:
 Locus  Sublocus  Mutationmodel   Mutationmodel parameter
-----------------------------------------------------------------
     1         1 Jukes-Cantor    [Basefreq: =0.25]
     2         1 Jukes-Cantor    [Basefreq: =0.25]
     3         1 Jukes-Cantor    [Basefreq: =0.25]
     4         1 Jukes-Cantor    [Basefreq: =0.25]
     5         1 Jukes-Cantor    [Basefreq: =0.25]
     6         1 Jukes-Cantor    [Basefreq: =0.25]
     7         1 Jukes-Cantor    [Basefreq: =0.25]
     8         1 Jukes-Cantor    [Basefreq: =0.25]
     9         1 Jukes-Cantor    [Basefreq: =0.25]
    10         1 Jukes-Cantor    [Basefreq: =0.25]


Sites per locus
---------------
Locus    Sites
     1     1000
     2     1000
     3     1000
     4     1000
     5     1000
     6     1000
     7     1000
     8     1000
     9     1000
    10     1000

Population                   Locus   Gene copies    
----------------------------------------------------
  1 Arbon_1                      1        10
  1                              2        10
  1                              3        10
  1                              4        10
  1                              5        10
  1                              6        10
  1                              7        10
  1                              8        10
  1                              9        10
  1                             10        10
  2 Berg_2                       1        10
  2                              2        10
  2                              3        10
  2                              4        10
  2                              5        10
  2                              6        10
  2                              7        10
  2                              8        10
  2                              9        10
  2                             10        10
  3 Chur_3                       1        10
  3                              2        10
  3                              3        10
  3                              4        10
  3                              5        10
  3                              6        10
  3                              7        10
  3                              8        10
  3                              9        10
  3                             10        10
    Total of all populations     1        30
                                 2        30
                                 3        30
                                 4        30
                                 5        30
                                 6        30
                                 7        30
                                 8        30
                                 9        30
                                10        30

[  5] 23:24:18   Burn-in of 50000 steps (Locus: 5/10, Replicate: 1/1) 
[  6] 23:24:18   Burn-in of 50000 steps (Locus: 6/10, Replicate: 1/1) 
[  7] 23:24:18   Burn-in of 50000 steps (Locus: 7/10, Replicate: 1/1) 
[  4] 23:24:18   Burn-in of 50000 steps (Locus: 4/10, Replicate: 1/1) 
[  2] 23:24:18   Burn-in of 50000 steps (Locus: 2/10, Replicate: 1/1) 
[  3] 23:24:18   Burn-in of 50000 steps (Locus: 3/10, Replicate: 1/1) 
[  1] 23:24:18   Burn-in of 50000 steps (Locus: 1/10, Replicate: 1/1) 
[  8] 23:24:18   Burn-in of 50000 steps (Locus: 8/10, Replicate: 1/1) 
[  2] 23:24:44   Sampling of 50000 steps (Locus: 2/10, Replicate: 1/1) 
[  1] 23:24:45   Sampling of 50000 steps (Locus: 1/10, Replicate: 1/1) 
[  3] 23:24:46   Sampling of 50000 steps (Locus: 3/10, Replicate: 1/1) 
[  8] 23:24:46   Sampling of 50000 steps (Locus: 8/10, Replicate: 1/1) 
[  4] 23:24:46   Sampling of 50000 steps (Locus: 4/10, Replicate: 1/1) 
[  5] 23:24:47   Sampling of 50000 steps (Locus: 5/10, Replicate: 1/1) 
[  6] 23:24:47   Sampling of 50000 steps (Locus: 6/10, Replicate: 1/1) 
[  7] 23:24:48   Sampling of 50000 steps (Locus: 7/10, Replicate: 1/1) 
[  2] 23:24:59   Sampling Temp[4]:(1,1.5,3,1e+06) Acc(0.17,0.19,0.22,0.24) Swap(2106,1,0)
                Param={ 0.007819 0.002836 0.004405 0 0 130.3 0 0 80.14}
[  2] 23:24:59   Burn-in of 50000 steps (Locus: 9/10, Replicate: 1/1) 
[  1] 23:25:02   Sampling Temp[4]:(1,1.5,3,1e+06) Acc(0.13,0.13,0.17,0.14) Swap(2396,192,0)
                Param={ 0.005824 0.007427 0.01456 0 0 88.69 0 0 46.8}
[  1] 23:25:02   Burn-in of 50000 steps (Locus: 10/10, Replicate: 1/1) 
[  3] 23:25:02   Sampling Temp[4]:(1,1.5,3,1e+06) Acc(0.15,0.16,0.19,0.24) Swap(2649,1,0)
                Param={ 0.006237 0.02016 0.01034 0 0 322.8 0 0 35.46}
[  8] 23:25:03   Sampling Temp[4]:(1,1.5,3,1e+06) Acc(0.15,0.17,0.19,0.17) Swap(2452,219,0)
                Param={ 0.00756 0.002471 0.01134 0 0 322.1 0 0 11.05}
[  4] 23:25:03   Sampling Temp[4]:(1,1.5,3,1e+06) Acc(0.15,0.17,0.20,0.27) Swap(1300,39,0)
                Param={ 0.007922 0.001023 0.01021 0 0 240 0 0 147}
[  6] 23:25:05   Sampling Temp[4]:(1,1.5,3,1e+06) Acc(0.14,0.15,0.19,0.21) Swap(3173,0,0)
                Param={ 0.003193 0.0007746 0.05429 0 0 986.7 0 0 32.99}
[  5] 23:25:05   Sampling Temp[4]:(1,1.5,3,1e+06) Acc(0.17,0.20,0.24,0.23) Swap(2084,303,0)
                Param={ 0.0092 0.004771 0.01633 0 0 337.7 0 0 47.94}
[  7] 23:25:06   Sampling Temp[4]:(1,1.5,3,1e+06) Acc(0.10,0.12,0.13,0.21) Swap(2668,113,0)
                Param={ 0.0238 0.004794 0.01159 0 0 707.6 0 0 284.6}
[  2] 23:25:20   Sampling of 50000 steps (Locus: 9/10, Replicate: 1/1) 
[  1] 23:25:23   Sampling of 50000 steps (Locus: 10/10, Replicate: 1/1) 
[  2] 23:25:31   Sampling Temp[4]:(1,1.5,3,1e+06) Acc(0.18,0.18,0.21,0.12) Swap(2754,12,0)
                Param={ 0.006403 0.002201 0.01405 0 0 633.4 0 0 64.54}
[  1] 23:25:34   Sampling Temp[4]:(1,1.5,3,1e+06) Acc(0.12,0.13,0.14,0.22) Swap(2070,116,0)
                Param={ 0.00922 0.03708 0.01297 0 0 220.1 0 0 74.3}



Acceptance ratios for all parameters and the genealogies
---------------------------------------------------------------------

Parameter           Accepted changes               Ratio
Theta_1                  22665/49795             0.45517
Theta_2                  24055/49697             0.48403
Theta_3                  21276/50053             0.42507
M_1->2                   25443/49892             0.50996
M_2->3                   24699/50129             0.49271
Genealogies              36092/250434             0.14412



Autocorrelation for all parameters and the genealogies
------------------------------------------------------------------------

Parameter           Autocorrelation                Effective Sample size
Theta_1                   0.865                  5415.621
Theta_2                   0.862                  5196.114
Theta_3                   0.809                  7230.764
M_1->2                   0.758                  9667.596
M_2->3                   0.811                  7319.788
Genealogies               0.824                   6987.231



Log-Probability of the data given the model (marginal likelihood = log(P(D|thisModel))
--------------------------------------------------------------------
[Use this value for Bayes factor calculations:
BF = Exp[log(P(D|thisModel) - log(P(D|otherModel)]
shows the support for thisModel]



Locus      Raw Thermodynamic score(1a)  Bezier approximated score(1b)      Harmonic mean(2)
------------------------------------------------------------------------------------------
      1              -2938.94                      -2390.78               -2283.92
      2              -2374.85                      -2033.77               -1951.82
      3              -2623.39                      -2201.84               -2106.73
      4              -2794.85                      -2342.09               -2250.42
      5              -2725.92                      -2257.21               -2169.09
      6              -2790.48                      -2393.02               -2293.24
      7              -2779.07                      -2284.65               -2193.15
      8              -2955.41                      -2337.76               -2221.26
      9              -2997.81                      -2398.37               -2287.51
     10              -2669.04                      -2231.12               -2148.30
---------------------------------------------------------------------------------------
  All               -27611.99                     -22832.83              -21973.16
[Scaling factor = 37.779370]


(1a) Thermodynamic integration: log(Prob(D|Model)): Good approximation with many temperatures
(1b) Bezier-approximated Thermodynamic integration: when using few temperatures USE THIS!
(2)  Harmonic mean approximation: Overestimates the marginal likelihood, poor variance


POTENTIAL PROBLEMS
------------------------------------------------------------------------------------------
This section reports potential problems with your run, but such reporting is often not 
very accurate. Whith many parameters in a multilocus analysis, it is very common that 
some parameters for some loci will not be very informative, triggering suggestions (for 
example to increase the prior range) that are not sensible. This suggestion tool will 
improve with time, therefore do not blindly follow its suggestions. If some parameters 
are flagged, inspect the tables carefully and judge wether an action is required. For 
example, if you run a Bayesian inference with sequence data, for macroscopic species 
there is rarely the need to increase the prior for Theta beyond 0.1; but if you use 
microsatellites it is rather common that your prior distribution for Theta should have a 
range from 0.0 to 100 or more. With many populations (>3) it is also very common that 
some migration routes are estimated poorly because the data contains little or no 
information for that route. Increasing the range will not help in such situations, 
reducing number of parameters may help in such situations.
------------------------------------------------------------------------------------------
Param 6 (Locus 6): Upper prior boundary seems too low! 
Param 6 (Locus 7): Upper prior boundary seems too low! 
------------------------------------------------------------------------------------------
23:25:54   Program finished
