Reading parmfile "parmfile_model1"....
 ++++++++++++++++++++++++++++++++++++++++++++++++++++++++++++++++++
 +                                                                +
 +   POPULATION SIZE, MIGRATION, DIVERGENCE, ASSIGNMENT, HISTORY  +
 +   Bayesian inference using the structured coalescent           +
 +                                                                +
 ++++++++++++++++++++++++++++++++++++++++++++++++++++++++++++++++++
  Compiled for a PARALLEL COMPUTER ARCHITECTURE
  One master and 8 compute nodes are available.
  Using Intel AVX (Advanced Vector Extensions)
  Compiled for a SYMMETRIC multiprocessors (GrandCentral)
  PDF output enabled [Letter-size]
  Version 4.4.3(git:)   [March-21-2019]
  Program started at   Sun Jun  2 00:01:40 2019


Master random number seed: 2612977134


Reading (1) Arbon_1 ...
Reading (2) Berg_2 ...
Reading (3) Chur_3 ...


Options in use:
---------------

Analysis strategy is BAYESIAN INFERENCE
    - Population size estimation: Theta [Exponential Distribution]
    - Geneflow estimation: Migration [Exponential Distribution]

Proposal distribution:
Parameter group          Proposal type
-----------------------  -------------------
Population size (Theta)  Metropolis sampling
Migration rate      (M)  Metropolis sampling
Divergence Time (D)  Metropolis sampling
Divergence time spread (STD) Metropolis sampling
Genealogy                Metropolis-Hastings


Prior distribution (Proposal-delta will be tuned to acceptance frequence 0.440000):
Parameter group            Prior type   Minimum    Mean(*)    Maximum    Delta      Bins   Updatefreq
-------------------------  ------------ ---------- ---------- ---------- ---------- ------ -------
Population size (Theta_1)      Uniform  0.000000   0.050000   0.100000   0.010000    1500  0.10000
Population size (Theta_2)      Uniform  0.000000   0.050000   0.100000   0.010000    1500  0.10000
Population size (Theta_3)      Uniform  0.000000   0.050000   0.100000   0.010000    1500  0.10000
Migration 1 to 2   (M)         Uniform  0.000000  500.000000 1000.00000 100.000000   1500  0.10000
Migration 2 to 3   (M)         Uniform  0.000000  500.000000 1000.00000 100.000000   1500  0.10000




Inheritance scalers in use for Thetas (specified scalars=1)
1.00 1.00 1.00 1.00 1.00 
1.00 1.00 1.00 1.00 1.00 

[Each Theta uses the (true) inheritance scalar of the first locus as a reference]


Pseudo-random number generator: Mersenne-Twister                                
Random number seed (with internal timer)           2612977134

Start parameters:
   First genealogy was started using a random tree
   Start parameter values were generated
Connection matrix:
m = average (average over a group of Thetas or M,
s = symmetric migration M, S = symmetric 4Nm,
0 = zero, and not estimated,
* = migration free to vary, Thetas are on diagonal
d = row population split off column population
D = split and then migration
   1 Arbon_1        * 0 0 
   2 Berg_2         * * 0 
   3 Chur_3         0 * * 



Mutation rate is constant for all loci

Markov chain settings:
   Long chains (long-chains):                              1
      Steps sampled (long-inc*samples):               500000
      Steps recorded (long-sample):                     5000
   Static heating scheme
      4 chains with  temperatures
       1.00, 1.50, 3.00,1000000.00
      Swapping interval is 1
   Burn-in per replicate (samples*inc):               500000

Print options:
   Data file:                                         infile
   Haplotyping is turned on:                              NO
   Output file (ASCII text):                  outfile_model1
   Output file (PDF):                     outfile_model1.pdf
   Posterior distribution:                         bayesfile
   Print data:                                            No
   Print genealogies:                                     No

Summary of data:
Title:                     Current protocols example dataset
Data file:                                            infile
Datatype:                                     Haplotype data
Number of loci:                                           10
Mutationmodel:
 Locus  Sublocus  Mutationmodel   Mutationmodel parameter
-----------------------------------------------------------------
     1         1 Jukes-Cantor    [Basefreq: =0.25]
     2         1 Jukes-Cantor    [Basefreq: =0.25]
     3         1 Jukes-Cantor    [Basefreq: =0.25]
     4         1 Jukes-Cantor    [Basefreq: =0.25]
     5         1 Jukes-Cantor    [Basefreq: =0.25]
     6         1 Jukes-Cantor    [Basefreq: =0.25]
     7         1 Jukes-Cantor    [Basefreq: =0.25]
     8         1 Jukes-Cantor    [Basefreq: =0.25]
     9         1 Jukes-Cantor    [Basefreq: =0.25]
    10         1 Jukes-Cantor    [Basefreq: =0.25]


Sites per locus
---------------
Locus    Sites
     1     1000
     2     1000
     3     1000
     4     1000
     5     1000
     6     1000
     7     1000
     8     1000
     9     1000
    10     1000

Population                   Locus   Gene copies    
----------------------------------------------------
  1 Arbon_1                      1        10
  1                              2        10
  1                              3        10
  1                              4        10
  1                              5        10
  1                              6        10
  1                              7        10
  1                              8        10
  1                              9        10
  1                             10        10
  2 Berg_2                       1        10
  2                              2        10
  2                              3        10
  2                              4        10
  2                              5        10
  2                              6        10
  2                              7        10
  2                              8        10
  2                              9        10
  2                             10        10
  3 Chur_3                       1        10
  3                              2        10
  3                              3        10
  3                              4        10
  3                              5        10
  3                              6        10
  3                              7        10
  3                              8        10
  3                              9        10
  3                             10        10
    Total of all populations     1        30
                                 2        30
                                 3        30
                                 4        30
                                 5        30
                                 6        30
                                 7        30
                                 8        30
                                 9        30
                                10        30

[  8] 00:01:41   Burn-in of 500000 steps (Locus: 8/10, Replicate: 1/1) 
[  1] 00:01:41   Burn-in of 500000 steps (Locus: 1/10, Replicate: 1/1) 
[  4] 00:01:41   Burn-in of 500000 steps (Locus: 4/10, Replicate: 1/1) 
[  5] 00:01:41   Burn-in of 500000 steps (Locus: 5/10, Replicate: 1/1) 
[  7] 00:01:41   Burn-in of 500000 steps (Locus: 7/10, Replicate: 1/1) 
[  6] 00:01:41   Burn-in of 500000 steps (Locus: 6/10, Replicate: 1/1) 
[  2] 00:01:41   Burn-in of 500000 steps (Locus: 2/10, Replicate: 1/1) 
[  3] 00:01:41   Burn-in of 500000 steps (Locus: 3/10, Replicate: 1/1) 
[  2] 00:06:47   Sampling of 500000 steps (Locus: 2/10, Replicate: 1/1) 
[  8] 00:07:23   Sampling of 500000 steps (Locus: 8/10, Replicate: 1/1) 
[  1] 00:07:24   Sampling of 500000 steps (Locus: 1/10, Replicate: 1/1) 
[  4] 00:07:27   Sampling of 500000 steps (Locus: 4/10, Replicate: 1/1) 
[  3] 00:07:30   Sampling of 500000 steps (Locus: 3/10, Replicate: 1/1) 
[  7] 00:07:37   Sampling of 500000 steps (Locus: 7/10, Replicate: 1/1) 
[  6] 00:07:45   Sampling of 500000 steps (Locus: 6/10, Replicate: 1/1) 
[  5] 00:07:48   Sampling of 500000 steps (Locus: 5/10, Replicate: 1/1) 
[  2] 00:09:57   Sampling Temp[4]:(1,1.5,3,1e+06) Acc(0.17,0.18,0.22,0.08) Swap(26670,2084,0)
                Param={ 0.007297 0.00631 0.005107 0 0 173.9 0 0 33.3}
[  2] 00:09:57   Burn-in of 500000 steps (Locus: 9/10, Replicate: 1/1) 
[  1] 00:10:49   Sampling Temp[4]:(1,1.5,3,1e+06) Acc(0.13,0.14,0.18,0.11) Swap(13118,1119,0)
                Param={ 0.01023 0.003791 0.03651 0 0 45.03 0 0 159.4}
[  1] 00:10:49   Burn-in of 500000 steps (Locus: 10/10, Replicate: 1/1) 
[  8] 00:10:49   Sampling Temp[4]:(1,1.5,3,1e+06) Acc(0.14,0.16,0.18,0.08) Swap(22387,46,0)
                Param={ 0.008834 0.004849 0.0107 0 0 227.7 0 0 42.79}
[  4] 00:10:57   Sampling Temp[4]:(1,1.5,3,1e+06) Acc(0.15,0.16,0.18,0.11) Swap(23006,2214,0)
                Param={ 0.004926 0.002625 0.01077 0 0 100.3 0 0 104}
[  3] 00:11:00   Sampling Temp[4]:(1,1.5,3,1e+06) Acc(0.15,0.16,0.19,0.10) Swap(23973,4566,0)
                Param={ 0.003963 0.008973 0.02098 0 0 670.7 0 0 8.938}
[  7] 00:11:09   Sampling Temp[4]:(1,1.5,3,1e+06) Acc(0.13,0.14,0.17,0.14) Swap(25860,3867,0)
                Param={ 0.01045 0.01051 0.01473 0 0 616.6 0 0 66.39}
[  6] 00:11:13   Sampling Temp[4]:(1,1.5,3,1e+06) Acc(0.13,0.14,0.16,0.07) Swap(0,0,0)
                Param={ 0.004789 0.007999 0.02953 0 0 819.6 0 0 169.8}
[  5] 00:11:20   Sampling Temp[4]:(1,1.5,3,1e+06) Acc(0.17,0.20,0.26,0.10) Swap(3143,0,0)
                Param={ 0.01231 0.002314 0.01497 0 0 578.2 0 0 84.7}
[  2] 00:13:58   Sampling of 500000 steps (Locus: 9/10, Replicate: 1/1) 
[  1] 00:14:45   Sampling of 500000 steps (Locus: 10/10, Replicate: 1/1) 
[  2] 00:16:10   Sampling Temp[4]:(1,1.5,3,1e+06) Acc(0.19,0.20,0.21,0.09) Swap(20788,5261,0)
                Param={ 0.01051 0.002905 0.05258 0 0 99.73 0 0 664.4}
[  1] 00:16:44   Sampling Temp[4]:(1,1.5,3,1e+06) Acc(0.12,0.13,0.15,0.09) Swap(21369,2185,0)
                Param={ 0.004264 0.00662 0.01592 0 0 465.8 0 0 41.81}



Acceptance ratios for all parameters and the genealogies
---------------------------------------------------------------------

Parameter           Accepted changes               Ratio
Theta_1                 227084/500435            0.45377
Theta_2                 269735/500584            0.53884
Theta_3                 238606/499322            0.47786
M_1->2                  236063/498334            0.47370
M_2->3                  261122/500345            0.52188
Genealogies             370637/2500980            0.14820



Autocorrelation for all parameters and the genealogies
------------------------------------------------------------------------

Parameter           Autocorrelation                Effective Sample size
Theta_1                   0.525                 25267.696
Theta_2                   0.568                 22884.807
Theta_3                   0.341                 35923.259
M_1->2                   0.401                 33138.368
M_2->3                   0.451                 28173.067
Genealogies               0.722                  12046.297



Log-Probability of the data given the model (marginal likelihood = log(P(D|thisModel))
--------------------------------------------------------------------
[Use this value for Bayes factor calculations:
BF = Exp[log(P(D|thisModel) - log(P(D|otherModel)]
shows the support for thisModel]



Locus      Raw Thermodynamic score(1a)  Bezier approximated score(1b)      Harmonic mean(2)
------------------------------------------------------------------------------------------
      1              -2786.78                      -2367.22               -2283.33
      2              -2320.86                      -2010.66               -1950.52
      3              -2496.88                      -2163.85               -2106.45
      4              -2844.37                      -2324.81               -2228.82
      5              -2622.60                      -2292.59               -2169.11
      6              -2862.65                      -2526.67               -2354.47
      7              -2678.95                      -2265.09               -2192.69
      8              -2808.78                      -2319.77               -2220.37
      9              -2762.79                      -2341.81               -2267.67
     10              -2572.29                      -2213.13               -2144.80
---------------------------------------------------------------------------------------
  All               -26716.72                     -22785.37              -21984.34
[Scaling factor = 40.230092]


(1a) Thermodynamic integration: log(Prob(D|Model)): Good approximation with many temperatures
(1b) Bezier-approximated Thermodynamic integration: when using few temperatures USE THIS!
(2)  Harmonic mean approximation: Overestimates the marginal likelihood, poor variance


POTENTIAL PROBLEMS
------------------------------------------------------------------------------------------
This section reports potential problems with your run, but such reporting is often not 
very accurate. Whith many parameters in a multilocus analysis, it is very common that 
some parameters for some loci will not be very informative, triggering suggestions (for 
example to increase the prior range) that are not sensible. This suggestion tool will 
improve with time, therefore do not blindly follow its suggestions. If some parameters 
are flagged, inspect the tables carefully and judge wether an action is required. For 
example, if you run a Bayesian inference with sequence data, for macroscopic species 
there is rarely the need to increase the prior for Theta beyond 0.1; but if you use 
microsatellites it is rather common that your prior distribution for Theta should have a 
range from 0.0 to 100 or more. With many populations (>3) it is also very common that 
some migration routes are estimated poorly because the data contains little or no 
information for that route. Increasing the range will not help in such situations, 
reducing number of parameters may help in such situations.
------------------------------------------------------------------------------------------
Param 6 (Locus 6): Upper prior boundary seems too low! 
------------------------------------------------------------------------------------------
00:17:03   Program finished
