Reading parmfile "parmfile_short"....
 ++++++++++++++++++++++++++++++++++++++++++++++++++++++++++++++++++
 +                                                                +
 +   POPULATION SIZE, MIGRATION, DIVERGENCE, ASSIGNMENT, HISTORY  +
 +   Bayesian inference using the structured coalescent           +
 +                                                                +
 ++++++++++++++++++++++++++++++++++++++++++++++++++++++++++++++++++
  Compiled for a PARALLEL COMPUTER ARCHITECTURE
  One master and 8 compute nodes are available.
  Using Intel AVX (Advanced Vector Extensions)
  Compiled for a SYMMETRIC multiprocessors (GrandCentral)
  PDF output enabled [Letter-size]
  Version 4.4.3(git:)   [March-21-2019]
  Program started at   Sat Jun  1 23:31:35 2019


Master random number seed: 3913099567


Reading (1) Arbon_1 ...
Reading (2) Berg_2 ...
Reading (3) Chur_3 ...


Options in use:
---------------

Analysis strategy is BAYESIAN INFERENCE
    - Population size estimation: Theta [Exponential Distribution]
    - Geneflow estimation: Migration [Exponential Distribution]

Proposal distribution:
Parameter group          Proposal type
-----------------------  -------------------
Population size (Theta)  Metropolis sampling
Migration rate      (M)  Metropolis sampling
Divergence Time (D)  Metropolis sampling
Divergence time spread (STD) Metropolis sampling
Genealogy                Metropolis-Hastings


Prior distribution (Proposal-delta will be tuned to acceptance frequence 0.440000):
Parameter group            Prior type   Minimum    Mean(*)    Maximum    Delta      Bins   Updatefreq
-------------------------  ------------ ---------- ---------- ---------- ---------- ------ -------
Population size (Theta_1)      Uniform  0.000000   0.050000   0.100000   0.010000    1500  0.05556
Population size (Theta_2)      Uniform  0.000000   0.050000   0.100000   0.010000    1500  0.05556
Population size (Theta_3)      Uniform  0.000000   0.050000   0.100000   0.010000    1500  0.05556
Migration 2 to 1   (M)         Uniform  0.000000  2500.00000 5000.00000 500.000000   1500  0.05556
Migration 3 to 1   (M)         Uniform  0.000000  2500.00000 5000.00000 500.000000   1500  0.05556
Migration 1 to 2   (M)         Uniform  0.000000  2500.00000 5000.00000 500.000000   1500  0.05556
Migration 3 to 2   (M)         Uniform  0.000000  2500.00000 5000.00000 500.000000   1500  0.05556
Migration 1 to 3   (M)         Uniform  0.000000  2500.00000 5000.00000 500.000000   1500  0.05556
Migration 2 to 3   (M)         Uniform  0.000000  2500.00000 5000.00000 500.000000   1500  0.05556




Inheritance scalers in use for Thetas (specified scalars=1)
1.00 1.00 1.00 1.00 1.00 
1.00 1.00 1.00 1.00 1.00 

[Each Theta uses the (true) inheritance scalar of the first locus as a reference]


Pseudo-random number generator: Mersenne-Twister                                
Random number seed (with internal timer)           3913099567

Start parameters:
   First genealogy was started using a random tree
   Start parameter values were generated
Connection matrix:
m = average (average over a group of Thetas or M,
s = symmetric migration M, S = symmetric 4Nm,
0 = zero, and not estimated,
* = migration free to vary, Thetas are on diagonal
d = row population split off column population
D = split and then migration
   1 Arbon_1        * * * 
   2 Berg_2         * * * 
   3 Chur_3         * * * 



Mutation rate is constant for all loci

Markov chain settings:
   Long chains (long-chains):                              1
      Steps sampled (long-inc*samples):               500000
      Steps recorded (long-sample):                     5000
   Static heating scheme
      4 chains with  temperatures
       1.00, 1.50, 3.00,1000000.00
      Swapping interval is 1
   Burn-in per replicate (samples*inc):               500000

Print options:
   Data file:                                         infile
   Haplotyping is turned on:                              NO
   Output file (ASCII text):                   outfile_short
   Output file (PDF):                      outfile_short.pdf
   Posterior distribution:                         bayesfile
   Print data:                                            No
   Print genealogies:                                     No

Summary of data:
Title:                     Current protocols example dataset
Data file:                                            infile
Datatype:                                     Haplotype data
Number of loci:                                           10
Mutationmodel:
 Locus  Sublocus  Mutationmodel   Mutationmodel parameter
-----------------------------------------------------------------
     1         1 Jukes-Cantor    [Basefreq: =0.25]
     2         1 Jukes-Cantor    [Basefreq: =0.25]
     3         1 Jukes-Cantor    [Basefreq: =0.25]
     4         1 Jukes-Cantor    [Basefreq: =0.25]
     5         1 Jukes-Cantor    [Basefreq: =0.25]
     6         1 Jukes-Cantor    [Basefreq: =0.25]
     7         1 Jukes-Cantor    [Basefreq: =0.25]
     8         1 Jukes-Cantor    [Basefreq: =0.25]
     9         1 Jukes-Cantor    [Basefreq: =0.25]
    10         1 Jukes-Cantor    [Basefreq: =0.25]


Sites per locus
---------------
Locus    Sites
     1     1000
     2     1000
     3     1000
     4     1000
     5     1000
     6     1000
     7     1000
     8     1000
     9     1000
    10     1000

Population                   Locus   Gene copies    
----------------------------------------------------
  1 Arbon_1                      1        10
  1                              2        10
  1                              3        10
  1                              4        10
  1                              5        10
  1                              6        10
  1                              7        10
  1                              8        10
  1                              9        10
  1                             10        10
  2 Berg_2                       1        10
  2                              2        10
  2                              3        10
  2                              4        10
  2                              5        10
  2                              6        10
  2                              7        10
  2                              8        10
  2                              9        10
  2                             10        10
  3 Chur_3                       1        10
  3                              2        10
  3                              3        10
  3                              4        10
  3                              5        10
  3                              6        10
  3                              7        10
  3                              8        10
  3                              9        10
  3                             10        10
    Total of all populations     1        30
                                 2        30
                                 3        30
                                 4        30
                                 5        30
                                 6        30
                                 7        30
                                 8        30
                                 9        30
                                10        30

[  7] 23:31:36   Burn-in of 500000 steps (Locus: 7/10, Replicate: 1/1) 
[  1] 23:31:36   Burn-in of 500000 steps (Locus: 1/10, Replicate: 1/1) 
[  2] 23:31:36   Burn-in of 500000 steps (Locus: 2/10, Replicate: 1/1) 
[  8] 23:31:36   Burn-in of 500000 steps (Locus: 8/10, Replicate: 1/1) 
[  6] 23:31:36   Burn-in of 500000 steps (Locus: 6/10, Replicate: 1/1) 
[  5] 23:31:36   Burn-in of 500000 steps (Locus: 5/10, Replicate: 1/1) 
[  3] 23:31:36   Burn-in of 500000 steps (Locus: 3/10, Replicate: 1/1) 
[  4] 23:31:36   Burn-in of 500000 steps (Locus: 4/10, Replicate: 1/1) 
[  2] 23:40:49   Sampling of 500000 steps (Locus: 2/10, Replicate: 1/1) 
[  4] 23:42:59   Sampling of 500000 steps (Locus: 4/10, Replicate: 1/1) 
[  5] 23:43:14   Sampling of 500000 steps (Locus: 5/10, Replicate: 1/1) 
[  3] 23:43:46   Sampling of 500000 steps (Locus: 3/10, Replicate: 1/1) 
[  8] 23:43:52   Sampling of 500000 steps (Locus: 8/10, Replicate: 1/1) 
[  6] 23:44:19   Sampling of 500000 steps (Locus: 6/10, Replicate: 1/1) 
[  1] 23:44:25   Sampling of 500000 steps (Locus: 1/10, Replicate: 1/1) 
[  7] 23:45:30   Sampling of 500000 steps (Locus: 7/10, Replicate: 1/1) 
[  2] 23:45:42   Sampling Temp[4]:(1,1.5,3,1e+06) Acc(0.15,0.15,0.14,0.03) Swap(398,0,0)
                Param={ 0.003512 0.004928 0.003472 738.7 1119 427.7 765 161.8 176.8}
[  2] 23:45:42   Burn-in of 500000 steps (Locus: 9/10, Replicate: 1/1) 
[  4] 23:48:22   Sampling Temp[4]:(1,1.5,3,1e+06) Acc(0.15,0.17,0.13,0.02) Swap(628,0,0)
                Param={ 0.002591 0.00504 0.002728 739.5 213.3 194 62.24 588 49.08}
[  4] 23:48:22   Burn-in of 500000 steps (Locus: 10/10, Replicate: 1/1) 
[  5] 23:49:15   Sampling Temp[4]:(1,1.5,3,1e+06) Acc(0.18,0.21,0.21,0.03) Swap(17772,0,0)
                Param={ 0.09777 0.003528 0.01703 3123 198.4 309.1 451.3 685 73.51}
[  3] 23:49:44   Sampling Temp[4]:(1,1.5,3,1e+06) Acc(0.13,0.14,0.13,0.02) Swap(0,0,0)
                Param={ 0.001929 0.008233 0.006463 239.2 578.4 788.4 180.7 47.96 671}
[  8] 23:49:55   Sampling Temp[4]:(1,1.5,3,1e+06) Acc(0.11,0.13,0.12,0.02) Swap(1,0,0)
                Param={ 0.002697 0.01067 0.01077 275 273.6 214.4 1041 386.3 195.2}
[  6] 23:50:21   Sampling Temp[4]:(1,1.5,3,1e+06) Acc(0.13,0.11,0.12,0.03) Swap(0,0,0)
                Param={ 0.006023 0.003977 0.01242 113.4 40.43 1902 248.8 100.9 71.28}
[  1] 23:50:52   Sampling Temp[4]:(1,1.5,3,1e+06) Acc(0.11,0.11,0.12,0.01) Swap(561,0,0)
                Param={ 0.004496 0.002264 0.01102 518.3 1688 117.7 183.5 707.6 276.4}
[  7] 23:51:44   Sampling Temp[4]:(1,1.5,3,1e+06) Acc(0.11,0.12,0.11,0.02) Swap(0,0,0)
                Param={ 0.003738 0.06927 0.02209 42.84 537.7 2387 680.7 217.7 277.4}
[  2] 23:56:14   Sampling of 500000 steps (Locus: 9/10, Replicate: 1/1) 
[  4] 23:57:20   Sampling of 500000 steps (Locus: 10/10, Replicate: 1/1) 
[  2] 00:00:54   Sampling Temp[4]:(1,1.5,3,1e+06) Acc(0.16,0.15,0.13,0.02) Swap(232,0,0)
                Param={ 0.01838 0.001595 0.007416 362.1 627.2 730.3 250.4 825.5 58.71}
[  4] 00:01:20   Sampling Temp[4]:(1,1.5,3,1e+06) Acc(0.09,0.11,0.10,0.03) Swap(6,0,0)
                Param={ 0.00246 0.001137 0.03451 46.7 473.7 1607 2767 890.6 295.3}



Acceptance ratios for all parameters and the genealogies
---------------------------------------------------------------------

Parameter           Accepted changes               Ratio
Theta_1                 118575/277202            0.42776
Theta_2                 158582/277353            0.57177
Theta_3                 129609/277517            0.46703
M_2->1                  110262/278218            0.39632
M_3->1                  130893/277886            0.47103
M_1->2                  149383/278007            0.53734
M_3->2                  132335/277673            0.47659
M_1->3                  120997/278675            0.43419
M_2->3                  123827/278301            0.44494
Genealogies             328604/2499168            0.13149



Autocorrelation for all parameters and the genealogies
------------------------------------------------------------------------

Parameter           Autocorrelation                Effective Sample size
Theta_1                   0.690                 12978.809
Theta_2                   0.811                  8028.750
Theta_3                   0.612                 16714.904
M_2->1                   0.665                 15079.013
M_3->1                   0.569                 19618.077
M_1->2                   0.710                 12470.832
M_3->2                   0.617                 17647.603
M_1->3                   0.647                 15468.836
M_2->3                   0.609                 18156.161
Genealogies               0.854                   6201.395



Log-Probability of the data given the model (marginal likelihood = log(P(D|thisModel))
--------------------------------------------------------------------
[Use this value for Bayes factor calculations:
BF = Exp[log(P(D|thisModel) - log(P(D|otherModel)]
shows the support for thisModel]



Locus      Raw Thermodynamic score(1a)  Bezier approximated score(1b)      Harmonic mean(2)
------------------------------------------------------------------------------------------
      1              -3133.03                      -2505.52               -2303.32
      2              -2702.27                      -2129.53               -1972.04
      3              -2878.71                      -2284.30               -2117.33
      4              -3398.68                      -2505.39               -2300.16
      5              -3120.24                      -2378.22               -2192.11
      6              -3190.50                      -2601.90               -2331.61
      7              -3052.12                      -2394.88               -2197.24
      8              -3196.54                      -2429.39               -2223.34
      9              -3323.72                      -2483.81               -2275.02
     10              -3029.65                      -2341.08               -2169.11
---------------------------------------------------------------------------------------
  All               -30919.14                     -23947.72              -22104.54
[Scaling factor = 106.313878]


(1a) Thermodynamic integration: log(Prob(D|Model)): Good approximation with many temperatures
(1b) Bezier-approximated Thermodynamic integration: when using few temperatures USE THIS!
(2)  Harmonic mean approximation: Overestimates the marginal likelihood, poor variance

00:01:40   Program finished
