Reading parmfile "parmfile_model2"....
 ++++++++++++++++++++++++++++++++++++++++++++++++++++++++++++++++++
 +                                                                +
 +   POPULATION SIZE, MIGRATION, DIVERGENCE, ASSIGNMENT, HISTORY  +
 +   Bayesian inference using the structured coalescent           +
 +                                                                +
 ++++++++++++++++++++++++++++++++++++++++++++++++++++++++++++++++++
  Compiled for a PARALLEL COMPUTER ARCHITECTURE
  One master and 8 compute nodes are available.
  Using Intel AVX (Advanced Vector Extensions)
  Compiled for a SYMMETRIC multiprocessors (GrandCentral)
  PDF output enabled [Letter-size]
  Version 4.4.3(git:)   [March-21-2019]
  Program started at   Mon Jun  3 09:46:13 2019


Master random number seed: 967906974


Reading (1) Arbon_1 ...
Reading (2) Berg_2 ...
Reading (3) Chur_3 ...


Options in use:
---------------

Analysis strategy is BAYESIAN INFERENCE
    - Population size estimation: Theta [Exponential Distribution]
    - Geneflow estimation: Migration [Exponential Distribution]
    - Divergence estimation: Divergence time [Normal Distribution [Shortcut] with mean and]
                                             [and standard deviation sigma     ]

Proposal distribution:
Parameter group          Proposal type
-----------------------  -------------------
Population size (Theta)  Metropolis sampling
Migration rate      (M)  Metropolis sampling
Divergence Time (D)  Metropolis sampling
Divergence time spread (STD) Metropolis sampling
Genealogy                Metropolis-Hastings


Prior distribution (Proposal-delta will be tuned to acceptance frequence 0.440000):
Parameter group            Prior type   Minimum    Mean(*)    Maximum    Delta      Bins   Updatefreq
-------------------------  ------------ ---------- ---------- ---------- ---------- ------ -------
Population size (Theta_1)      Uniform  0.000000   0.050000   0.100000   0.010000    1500  0.05556
Population size (Theta_2)      Uniform  0.000000   0.050000   0.100000   0.010000    1500  0.05556
Population size (Theta_3)      Uniform  0.000000   0.050000   0.100000   0.010000    1500  0.05556
Migration 1 to 2   (M)         Uniform  0.000000  2500.00000 5000.00000 500.000000   1500  0.05556
Migration 2 to 3   (M)         Uniform  0.000000  2500.00000 5000.00000 500.000000   1500  0.05556
Ancestor 1 to 2 (D_time)      Uniform  0.000000   0.050000   0.100000   0.010000    1500  0.05556
Ancestor 1 to 2 (S_time)      Uniform  0.000000   0.050000   0.100000   0.100000    1500  0.05556
Ancestor 2 to 3 (D_time)      Uniform  0.000000   0.050000   0.100000   0.010000    1500  0.05556
Ancestor 2 to 3 (S_time)      Uniform  0.000000   0.050000   0.100000   0.100000    1500  0.05556




Inheritance scalers in use for Thetas (specified scalars=1)
1.00 1.00 1.00 1.00 1.00 
1.00 1.00 1.00 1.00 1.00 

[Each Theta uses the (true) inheritance scalar of the first locus as a reference]


Pseudo-random number generator: Mersenne-Twister                                
Random number seed (with internal timer)            967906974

Start parameters:
   First genealogy was started using a random tree
   Start parameter values were generated
Connection matrix:
m = average (average over a group of Thetas or M,
s = symmetric migration M, S = symmetric 4Nm,
0 = zero, and not estimated,
* = migration free to vary, Thetas are on diagonal
d = row population split off column population
D = split and then migration
   1 Arbon_1        * 0 0 
   2 Berg_2         D * 0 
   3 Chur_3         0 D * 



Mutation rate is constant for all loci

Markov chain settings:
   Long chains (long-chains):                              1
      Steps sampled (long-inc*samples):               500000
      Steps recorded (long-sample):                     5000
   Static heating scheme
      4 chains with  temperatures
       1.00, 1.50, 3.00,1000000.00
      Swapping interval is 1
   Burn-in per replicate (samples*inc):               500000

Print options:
   Data file:                                         infile
   Haplotyping is turned on:                              NO
   Output file (ASCII text):                  outfile_model2
   Output file (PDF):                     outfile_model2.pdf
   Posterior distribution:                         bayesfile
   Print data:                                            No
   Print genealogies:                                     No

Summary of data:
Title:                     Current protocols example dataset
Data file:                                            infile
Datatype:                                     Haplotype data
Number of loci:                                           10
Mutationmodel:
 Locus  Sublocus  Mutationmodel   Mutationmodel parameter
-----------------------------------------------------------------
     1         1 Jukes-Cantor    [Basefreq: =0.25]
     2         1 Jukes-Cantor    [Basefreq: =0.25]
     3         1 Jukes-Cantor    [Basefreq: =0.25]
     4         1 Jukes-Cantor    [Basefreq: =0.25]
     5         1 Jukes-Cantor    [Basefreq: =0.25]
     6         1 Jukes-Cantor    [Basefreq: =0.25]
     7         1 Jukes-Cantor    [Basefreq: =0.25]
     8         1 Jukes-Cantor    [Basefreq: =0.25]
     9         1 Jukes-Cantor    [Basefreq: =0.25]
    10         1 Jukes-Cantor    [Basefreq: =0.25]


Sites per locus
---------------
Locus    Sites
     1     1000
     2     1000
     3     1000
     4     1000
     5     1000
     6     1000
     7     1000
     8     1000
     9     1000
    10     1000

Population                   Locus   Gene copies    
----------------------------------------------------
  1 Arbon_1                      1        10
  1                              2        10
  1                              3        10
  1                              4        10
  1                              5        10
  1                              6        10
  1                              7        10
  1                              8        10
  1                              9        10
  1                             10        10
  2 Berg_2                       1        10
  2                              2        10
  2                              3        10
  2                              4        10
  2                              5        10
  2                              6        10
  2                              7        10
  2                              8        10
  2                              9        10
  2                             10        10
  3 Chur_3                       1        10
  3                              2        10
  3                              3        10
  3                              4        10
  3                              5        10
  3                              6        10
  3                              7        10
  3                              8        10
  3                              9        10
  3                             10        10
    Total of all populations     1        30
                                 2        30
                                 3        30
                                 4        30
                                 5        30
                                 6        30
                                 7        30
                                 8        30
                                 9        30
                                10        30

[  4] 09:46:14   Burn-in of 500000 steps (Locus: 4/10, Replicate: 1/1) 
[  7] 09:46:14   Burn-in of 500000 steps (Locus: 7/10, Replicate: 1/1) 
[  8] 09:46:14   Burn-in of 500000 steps (Locus: 8/10, Replicate: 1/1) 
[  2] 09:46:14   Burn-in of 500000 steps (Locus: 2/10, Replicate: 1/1) 
[  5] 09:46:14   Burn-in of 500000 steps (Locus: 5/10, Replicate: 1/1) 
[  6] 09:46:14   Burn-in of 500000 steps (Locus: 6/10, Replicate: 1/1) 
[  3] 09:46:14   Burn-in of 500000 steps (Locus: 3/10, Replicate: 1/1) 
[  1] 09:46:14   Burn-in of 500000 steps (Locus: 1/10, Replicate: 1/1) 
[  2] 09:51:41   Sampling of 500000 steps (Locus: 2/10, Replicate: 1/1) 
[  8] 09:52:09   Sampling of 500000 steps (Locus: 8/10, Replicate: 1/1) 
[  1] 09:52:15   Sampling of 500000 steps (Locus: 1/10, Replicate: 1/1) 
[  4] 09:52:19   Sampling of 500000 steps (Locus: 4/10, Replicate: 1/1) 
[  5] 09:52:21   Sampling of 500000 steps (Locus: 5/10, Replicate: 1/1) 
[  6] 09:52:22   Sampling of 500000 steps (Locus: 6/10, Replicate: 1/1) 
[  3] 09:52:24   Sampling of 500000 steps (Locus: 3/10, Replicate: 1/1) 
[  7] 09:52:32   Sampling of 500000 steps (Locus: 7/10, Replicate: 1/1) 
[  2] 09:54:50   Sampling Temp[4]:(1,1.5,3,1e+06) Acc(0.17,0.19,0.21,1.00) Swap(24993,1696,0)
                Param={ 0.004404 0.003277 0.0193 0 0 385.9 0 0 20.48 0.02703 0.01765 0.02617 0.05151}
[  2] 09:54:50   Burn-in of 500000 steps (Locus: 9/10, Replicate: 1/1) 
[  8] 09:55:36   Sampling Temp[4]:(1,1.5,3,1e+06) Acc(0.15,0.17,0.19,1.00) Swap(22761,3039,0)
                Param={ 0.006579 0.01486 0.004243 0 0 122.4 0 0 7.479 0.0107 0.08971 0.01001 0.006044}
[  8] 09:55:36   Burn-in of 500000 steps (Locus: 10/10, Replicate: 1/1) 
[  1] 09:55:46   Sampling Temp[4]:(1,1.5,3,1e+06) Acc(0.13,0.14,0.18,1.00) Swap(24235,1569,0)
                Param={ 0.008561 0.01301 0.04863 0 0 56.1 0 0 39.45 0.02833 0.05287 0.02452 0.08777}
[  4] 09:55:56   Sampling Temp[4]:(1,1.5,3,1e+06) Acc(0.15,0.16,0.19,1.00) Swap(22209,2597,0)
                Param={ 0.008884 0.05416 0.005942 0 0 467.8 0 0 23.74 0.01432 0.02449 0.07038 0.08617}
[  5] 09:56:00   Sampling Temp[4]:(1,1.5,3,1e+06) Acc(0.19,0.21,0.27,1.00) Swap(20242,2283,0)
                Param={ 0.006677 0.007118 0.03234 0 0 230.8 0 0 25.2 0.09996 0.08689 0.08864 0.07005}
[  3] 09:56:01   Sampling Temp[4]:(1,1.5,3,1e+06) Acc(0.15,0.17,0.17,1.00) Swap(24846,3049,0)
                Param={ 0.012 0.001814 0.009893 0 0 658.7 0 0 6.699 0.006604 0.01875 0.09002 0.04963}
[  6] 09:56:01   Sampling Temp[4]:(1,1.5,3,1e+06) Acc(0.15,0.17,0.22,1.00) Swap(26523,2103,0)
                Param={ 0.00447 0.0061 0.03804 0 0 992.6 0 0 5.366 0.001355 0.08519 0.02664 0.05561}
[  7] 09:56:10   Sampling Temp[4]:(1,1.5,3,1e+06) Acc(0.12,0.14,0.16,1.00) Swap(25640,3664,0)
                Param={ 0.01472 0.008169 0.0205 0 0 173.5 0 0 32.48 0.01189 0.04878 0.00649 0.0505}
[  2] 09:59:09   Sampling of 500000 steps (Locus: 9/10, Replicate: 1/1) 
[  8] 09:59:42   Sampling of 500000 steps (Locus: 10/10, Replicate: 1/1) 
[  2] 10:01:24   Sampling Temp[4]:(1,1.5,3,1e+06) Acc(0.19,0.20,0.21,1.00) Swap(24103,4131,0)
                Param={ 0.008752 0.01044 0.01228 0 0 60.68 0 0 387.6 0.07119 0.09895 0.09828 0.08228}
[  8] 10:01:51   Sampling Temp[4]:(1,1.5,3,1e+06) Acc(0.12,0.13,0.16,1.00) Swap(20677,1886,0)
                Param={ 0.006709 0.02031 0.03149 0 0 139.9 0 0 0.8166 0.00911 0.008305 0.09554 0.07361}



Acceptance ratios for all parameters and the genealogies
---------------------------------------------------------------------

Parameter           Accepted changes               Ratio
Theta_1                 117322/278167            0.42177
Theta_2                 128291/277311            0.46262
Theta_3                 121408/278449            0.43602
M_1->2                  116659/278338            0.41913
M_2->3                  157708/277833            0.56764
D_1->2                   186528/277605            0.67192
S_1->2                   238240/277719            0.85785
D_2->3                   238240/278673            0.85491
S_2->3                   380771/277693            1.37119
Genealogies             380771/2498212            0.15242



Autocorrelation for all parameters and the genealogies
------------------------------------------------------------------------

Parameter           Autocorrelation                Effective Sample size
Theta_1                   0.672                 15811.722
Theta_2                   0.629                 17499.986
Theta_3                   0.467                 24439.297
M_1->2                   0.677                 13804.616
M_2->3                   0.819                  7171.940
D_1->2                    0.455                 26765.868
S_1->2                    0.468                 26310.063
D_2->3                    0.268                 40660.380
S_2->3                    0.243                 42653.264
Genealogies               0.677                  13706.691



Log-Probability of the data given the model (marginal likelihood = log(P(D|thisModel))
--------------------------------------------------------------------
[Use this value for Bayes factor calculations:
BF = Exp[log(P(D|thisModel) - log(P(D|otherModel)]
shows the support for thisModel]



Locus      Raw Thermodynamic score(1a)  Bezier approximated score(1b)      Harmonic mean(2)
------------------------------------------------------------------------------------------
      1              -3178.28                      -2425.17               -2283.06
      2              -2648.52                      -2065.69               -1951.52
      3              -2822.60                      -2217.62               -2106.19
      4              -3315.23                      -2399.92               -2227.66
      5              -2941.33                      -2291.64               -2167.44
      6              -2922.09                      -2389.35               -2290.93
      7              -2916.79                      -2304.35               -2193.51
      8              -3209.99                      -2374.57               -2219.57
      9              -3249.05                      -2418.66               -2266.10
     10              -2879.86                      -2264.32               -2146.32
---------------------------------------------------------------------------------------
  All               -30014.64                     -23082.19              -21880.35
[Scaling factor = 69.107640]


(1a) Thermodynamic integration: log(Prob(D|Model)): Good approximation with many temperatures
(1b) Bezier-approximated Thermodynamic integration: when using few temperatures USE THIS!
(2)  Harmonic mean approximation: Overestimates the marginal likelihood, poor variance


POTENTIAL PROBLEMS
------------------------------------------------------------------------------------------
This section reports potential problems with your run, but such reporting is often not 
very accurate. Whith many parameters in a multilocus analysis, it is very common that 
some parameters for some loci will not be very informative, triggering suggestions (for 
example to increase the prior range) that are not sensible. This suggestion tool will 
improve with time, therefore do not blindly follow its suggestions. If some parameters 
are flagged, inspect the tables carefully and judge wether an action is required. For 
example, if you run a Bayesian inference with sequence data, for macroscopic species 
there is rarely the need to increase the prior for Theta beyond 0.1; but if you use 
microsatellites it is rather common that your prior distribution for Theta should have a 
range from 0.0 to 100 or more. With many populations (>3) it is also very common that 
some migration routes are estimated poorly because the data contains little or no 
information for that route. Increasing the range will not help in such situations, 
reducing number of parameters may help in such situations.
------------------------------------------------------------------------------------------
Param 13 (Locus 8): Upper prior boundary seems too low! 
------------------------------------------------------------------------------------------
10:02:12   Program finished
