Reading parmfile "parmfile_short"....
 ++++++++++++++++++++++++++++++++++++++++++++++++++++++++++++++++++
 +                                                                +
 +   POPULATION SIZE, MIGRATION, DIVERGENCE, ASSIGNMENT, HISTORY  +
 +   Bayesian inference using the structured coalescent           +
 +                                                                +
 ++++++++++++++++++++++++++++++++++++++++++++++++++++++++++++++++++
  Compiled for a PARALLEL COMPUTER ARCHITECTURE
  One master and 8 compute nodes are available.
  Using Intel AVX (Advanced Vector Extensions)
  Compiled for a SYMMETRIC multiprocessors (GrandCentral)
  PDF output enabled [Letter-size]
  Version 4.4.3(git:)   [March-21-2019]
  Program started at   Mon Jun  3 09:04:09 2019


Master random number seed: 3241586714


Reading (1) Arbon_1 ...
Reading (2) Berg_2 ...
Reading (3) Chur_3 ...


Options in use:
---------------

Analysis strategy is BAYESIAN INFERENCE
    - Population size estimation: Theta [Exponential Distribution]
    - Geneflow estimation: Migration [Exponential Distribution]

Proposal distribution:
Parameter group          Proposal type
-----------------------  -------------------
Population size (Theta)  Metropolis sampling
Migration rate      (M)  Metropolis sampling
Divergence Time (D)  Metropolis sampling
Divergence time spread (STD) Metropolis sampling
Genealogy                Metropolis-Hastings


Prior distribution (Proposal-delta will be tuned to acceptance frequence 0.440000):
Parameter group            Prior type   Minimum    Mean(*)    Maximum    Delta      Bins   Updatefreq
-------------------------  ------------ ---------- ---------- ---------- ---------- ------ -------
Population size (Theta_1)      Uniform  0.000000   0.050000   0.100000   0.010000    1500  0.05556
Population size (Theta_2)      Uniform  0.000000   0.050000   0.100000   0.010000    1500  0.05556
Population size (Theta_3)      Uniform  0.000000   0.050000   0.100000   0.010000    1500  0.05556
Migration 2 to 1   (M)         Uniform  0.000000  2500.00000 5000.00000 500.000000   1500  0.05556
Migration 3 to 1   (M)         Uniform  0.000000  2500.00000 5000.00000 500.000000   1500  0.05556
Migration 1 to 2   (M)         Uniform  0.000000  2500.00000 5000.00000 500.000000   1500  0.05556
Migration 3 to 2   (M)         Uniform  0.000000  2500.00000 5000.00000 500.000000   1500  0.05556
Migration 1 to 3   (M)         Uniform  0.000000  2500.00000 5000.00000 500.000000   1500  0.05556
Migration 2 to 3   (M)         Uniform  0.000000  2500.00000 5000.00000 500.000000   1500  0.05556




Inheritance scalers in use for Thetas (specified scalars=1)
1.00 1.00 1.00 1.00 1.00 
1.00 1.00 1.00 1.00 1.00 

[Each Theta uses the (true) inheritance scalar of the first locus as a reference]


Pseudo-random number generator: Mersenne-Twister                                
Random number seed (with internal timer)           3241586714

Start parameters:
   First genealogy was started using a random tree
   Start parameter values were generated
Connection matrix:
m = average (average over a group of Thetas or M,
s = symmetric migration M, S = symmetric 4Nm,
0 = zero, and not estimated,
* = migration free to vary, Thetas are on diagonal
d = row population split off column population
D = split and then migration
   1 Arbon_1        * * * 
   2 Berg_2         * * * 
   3 Chur_3         * * * 



Mutation rate is constant for all loci

Markov chain settings:
   Long chains (long-chains):                              1
      Steps sampled (long-inc*samples):               500000
      Steps recorded (long-sample):                     5000
   Static heating scheme
      4 chains with  temperatures
       1.00, 1.50, 3.00,1000000.00
      Swapping interval is 1
   Burn-in per replicate (samples*inc):               500000

Print options:
   Data file:                                         infile
   Haplotyping is turned on:                              NO
   Output file (ASCII text):                   outfile_short
   Output file (PDF):                      outfile_short.pdf
   Posterior distribution:                         bayesfile
   Print data:                                            No
   Print genealogies:                                     No

Summary of data:
Title:                     Current protocols example dataset
Data file:                                            infile
Datatype:                                     Haplotype data
Number of loci:                                           10
Mutationmodel:
 Locus  Sublocus  Mutationmodel   Mutationmodel parameter
-----------------------------------------------------------------
     1         1 Jukes-Cantor    [Basefreq: =0.25]
     2         1 Jukes-Cantor    [Basefreq: =0.25]
     3         1 Jukes-Cantor    [Basefreq: =0.25]
     4         1 Jukes-Cantor    [Basefreq: =0.25]
     5         1 Jukes-Cantor    [Basefreq: =0.25]
     6         1 Jukes-Cantor    [Basefreq: =0.25]
     7         1 Jukes-Cantor    [Basefreq: =0.25]
     8         1 Jukes-Cantor    [Basefreq: =0.25]
     9         1 Jukes-Cantor    [Basefreq: =0.25]
    10         1 Jukes-Cantor    [Basefreq: =0.25]


Sites per locus
---------------
Locus    Sites
     1     1000
     2     1000
     3     1000
     4     1000
     5     1000
     6     1000
     7     1000
     8     1000
     9     1000
    10     1000

Population                   Locus   Gene copies    
----------------------------------------------------
  1 Arbon_1                      1        10
  1                              2        10
  1                              3        10
  1                              4        10
  1                              5        10
  1                              6        10
  1                              7        10
  1                              8        10
  1                              9        10
  1                             10        10
  2 Berg_2                       1        10
  2                              2        10
  2                              3        10
  2                              4        10
  2                              5        10
  2                              6        10
  2                              7        10
  2                              8        10
  2                              9        10
  2                             10        10
  3 Chur_3                       1        10
  3                              2        10
  3                              3        10
  3                              4        10
  3                              5        10
  3                              6        10
  3                              7        10
  3                              8        10
  3                              9        10
  3                             10        10
    Total of all populations     1        30
                                 2        30
                                 3        30
                                 4        30
                                 5        30
                                 6        30
                                 7        30
                                 8        30
                                 9        30
                                10        30

[  3] 09:04:09   Burn-in of 500000 steps (Locus: 3/10, Replicate: 1/1) 
[  2] 09:04:09   Burn-in of 500000 steps (Locus: 2/10, Replicate: 1/1) 
[  5] 09:04:09   Burn-in of 500000 steps (Locus: 5/10, Replicate: 1/1) 
[  6] 09:04:09   Burn-in of 500000 steps (Locus: 6/10, Replicate: 1/1) 
[  8] 09:04:09   Burn-in of 500000 steps (Locus: 8/10, Replicate: 1/1) 
[  4] 09:04:09   Burn-in of 500000 steps (Locus: 4/10, Replicate: 1/1) 
[  1] 09:04:09   Burn-in of 500000 steps (Locus: 1/10, Replicate: 1/1) 
[  7] 09:04:09   Burn-in of 500000 steps (Locus: 7/10, Replicate: 1/1) 
[  2] 09:13:06   Sampling of 500000 steps (Locus: 2/10, Replicate: 1/1) 
[  5] 09:14:48   Sampling of 500000 steps (Locus: 5/10, Replicate: 1/1) 
[  4] 09:14:51   Sampling of 500000 steps (Locus: 4/10, Replicate: 1/1) 
[  1] 09:15:01   Sampling of 500000 steps (Locus: 1/10, Replicate: 1/1) 
[  8] 09:15:42   Sampling of 500000 steps (Locus: 8/10, Replicate: 1/1) 
[  6] 09:16:01   Sampling of 500000 steps (Locus: 6/10, Replicate: 1/1) 
[  3] 09:16:25   Sampling of 500000 steps (Locus: 3/10, Replicate: 1/1) 
[  7] 09:17:06   Sampling of 500000 steps (Locus: 7/10, Replicate: 1/1) 
[  2] 09:17:27   Sampling Temp[4]:(1,1.5,3,1e+06) Acc(0.14,0.16,0.15,0.02) Swap(1393,0,0)
                Param={ 0.00357 0.003231 0.007005 140.4 13.83 713.9 595.9 790.4 52.06}
[  2] 09:17:27   Burn-in of 500000 steps (Locus: 9/10, Replicate: 1/1) 
[  4] 09:20:18   Sampling Temp[4]:(1,1.5,3,1e+06) Acc(0.16,0.13,0.13,0.02) Swap(0,0,0)
                Param={ 0.003665 0.006282 0.007976 354.9 4.418 330.2 199.4 274.1 0.8305}
[  4] 09:20:18   Burn-in of 500000 steps (Locus: 10/10, Replicate: 1/1) 
[  5] 09:20:25   Sampling Temp[4]:(1,1.5,3,1e+06) Acc(0.17,0.20,0.20,0.03) Swap(574,0,0)
                Param={ 0.02262 0.003516 0.02339 1478 236.8 642.2 45.79 266.7 129.6}
[  1] 09:20:31   Sampling Temp[4]:(1,1.5,3,1e+06) Acc(0.12,0.14,0.12,0.03) Swap(3,0,0)
                Param={ 0.05672 0.00197 0.007152 1809 398.6 1031 139.5 43.65 247.2}
[  8] 09:21:07   Sampling Temp[4]:(1,1.5,3,1e+06) Acc(0.13,0.12,0.13,0.03) Swap(22,0,0)
                Param={ 0.003735 0.01413 0.01139 126.9 279 542.7 775.7 165.4 134.6}
[  6] 09:21:25   Sampling Temp[4]:(1,1.5,3,1e+06) Acc(0.12,0.12,0.13,0.03) Swap(0,0,0)
                Param={ 0.003824 0.005086 0.01259 139.9 0.6383 1030 287.3 124.8 0.6164}
[  3] 09:22:04   Sampling Temp[4]:(1,1.5,3,1e+06) Acc(0.13,0.12,0.13,0.02) Swap(7,0,0)
                Param={ 0.0006039 0.007231 0.02 1294 983.6 143 207.3 382.8 595.4}
[  7] 09:22:44   Sampling Temp[4]:(1,1.5,3,1e+06) Acc(0.12,0.13,0.11,0.02) Swap(25915,3,0)
                Param={ 0.00321 0.02421 0.00517 833.4 19.47 678 117.3 39.01 23.79}
[  4] 09:27:27   Sampling of 500000 steps (Locus: 10/10, Replicate: 1/1) 
[  2] 09:27:53   Sampling of 500000 steps (Locus: 9/10, Replicate: 1/1) 
[  4] 09:31:00   Sampling Temp[4]:(1,1.5,3,1e+06) Acc(0.10,0.12,0.10,0.02) Swap(930,0,0)
                Param={ 0.002894 0.009124 0.02084 276.2 212.4 779.5 234.6 243.7 176.9}
[  2] 09:32:05   Sampling Temp[4]:(1,1.5,3,1e+06) Acc(0.16,0.13,0.14,0.03) Swap(46,0,0)
                Param={ 0.003088 0.006614 0.03624 641.7 79.32 179.6 88.41 162.6 11.51}



Acceptance ratios for all parameters and the genealogies
---------------------------------------------------------------------

Parameter           Accepted changes               Ratio
Theta_1                 144547/277917            0.52011
Theta_2                 104849/278071            0.37706
Theta_3                 115318/277826            0.41507
M_2->1                  110301/277878            0.39694
M_3->1                  102447/278804            0.36745
M_1->2                  114087/277231            0.41152
M_3->2                  141436/278552            0.50775
M_1->3                  111944/277719            0.40308
M_2->3                  102223/277901            0.36784
Genealogies             338925/2498101            0.13567



Autocorrelation for all parameters and the genealogies
------------------------------------------------------------------------

Parameter           Autocorrelation                Effective Sample size
Theta_1                   0.738                 11410.034
Theta_2                   0.677                 14435.594
Theta_3                   0.591                 18746.244
M_2->1                   0.671                 14382.030
M_3->1                   0.549                 21533.509
M_1->2                   0.647                 16243.538
M_3->2                   0.591                 18090.585
M_1->3                   0.733                 11234.668
M_2->3                   0.668                 13750.451
Genealogies               0.831                   6574.270



Log-Probability of the data given the model (marginal likelihood = log(P(D|thisModel))
--------------------------------------------------------------------
[Use this value for Bayes factor calculations:
BF = Exp[log(P(D|thisModel) - log(P(D|otherModel)]
shows the support for thisModel]



Locus      Raw Thermodynamic score(1a)  Bezier approximated score(1b)      Harmonic mean(2)
------------------------------------------------------------------------------------------
      1              -3297.22                      -2536.18               -2320.83
      2              -2737.51                      -2123.98               -1969.56
      3              -2880.00                      -2291.96               -2105.25
      4              -3332.85                      -2480.85               -2235.67
      5              -3010.33                      -2372.53               -2178.44
      6              -3220.12                      -2607.88               -2333.18
      7              -3016.40                      -2366.59               -2217.73
      8              -3401.84                      -2506.22               -2232.91
      9              -3451.11                      -2533.27               -2308.93
     10              -2990.85                      -2329.84               -2153.39
---------------------------------------------------------------------------------------
  All               -31205.30                     -24016.38              -22051.44
[Scaling factor = 132.934704]


(1a) Thermodynamic integration: log(Prob(D|Model)): Good approximation with many temperatures
(1b) Bezier-approximated Thermodynamic integration: when using few temperatures USE THIS!
(2)  Harmonic mean approximation: Overestimates the marginal likelihood, poor variance

09:32:25   Program finished
