Reading parmfile "parmfile_tooshort"....
 ++++++++++++++++++++++++++++++++++++++++++++++++++++++++++++++++++
 +                                                                +
 +   POPULATION SIZE, MIGRATION, DIVERGENCE, ASSIGNMENT, HISTORY  +
 +   Bayesian inference using the structured coalescent           +
 +                                                                +
 ++++++++++++++++++++++++++++++++++++++++++++++++++++++++++++++++++
  Compiled for a PARALLEL COMPUTER ARCHITECTURE
  One master and 8 compute nodes are available.
  Using Intel AVX (Advanced Vector Extensions)
  Compiled for a SYMMETRIC multiprocessors (GrandCentral)
  PDF output enabled [Letter-size]
  Version 4.4.3(git:)   [March-21-2019]
  Program started at   Sat Jun  1 22:17:14 2019


Master random number seed: 2281898755


Reading (1) Arbon_1 ...
Reading (2) Berg_2 ...
Reading (3) Chur_3 ...


Options in use:
---------------

Analysis strategy is BAYESIAN INFERENCE
    - Population size estimation: Theta [Exponential Distribution]
    - Geneflow estimation: Migration [Exponential Distribution]

Proposal distribution:
Parameter group          Proposal type
-----------------------  -------------------
Population size (Theta)  Metropolis sampling
Migration rate      (M)  Metropolis sampling
Divergence Time (D)  Metropolis sampling
Divergence time spread (STD) Metropolis sampling
Genealogy                Metropolis-Hastings


Prior distribution (Proposal-delta will be tuned to acceptance frequence 0.440000):
Parameter group            Prior type   Minimum    Mean(*)    Maximum    Delta      Bins   Updatefreq
-------------------------  ------------ ---------- ---------- ---------- ---------- ------ -------
Population size (Theta_1)      Uniform  0.000000   0.050000   0.100000   0.010000    1500  0.05556
Population size (Theta_2)      Uniform  0.000000   0.050000   0.100000   0.010000    1500  0.05556
Population size (Theta_3)      Uniform  0.000000   0.050000   0.100000   0.010000    1500  0.05556
Migration 2 to 1   (M)         Uniform  0.000000  2500.00000 5000.00000 500.000000   1500  0.05556
Migration 3 to 1   (M)         Uniform  0.000000  2500.00000 5000.00000 500.000000   1500  0.05556
Migration 1 to 2   (M)         Uniform  0.000000  2500.00000 5000.00000 500.000000   1500  0.05556
Migration 3 to 2   (M)         Uniform  0.000000  2500.00000 5000.00000 500.000000   1500  0.05556
Migration 1 to 3   (M)         Uniform  0.000000  2500.00000 5000.00000 500.000000   1500  0.05556
Migration 2 to 3   (M)         Uniform  0.000000  2500.00000 5000.00000 500.000000   1500  0.05556




Inheritance scalers in use for Thetas (specified scalars=1)
1.00 1.00 1.00 1.00 1.00 
1.00 1.00 1.00 1.00 1.00 

[Each Theta uses the (true) inheritance scalar of the first locus as a reference]


Pseudo-random number generator: Mersenne-Twister                                
Random number seed (with internal timer)           2281898755

Start parameters:
   First genealogy was started using a random tree
   Start parameter values were generated
Connection matrix:
m = average (average over a group of Thetas or M,
s = symmetric migration M, S = symmetric 4Nm,
0 = zero, and not estimated,
* = migration free to vary, Thetas are on diagonal
d = row population split off column population
D = split and then migration
   1 Arbon_1        * * * 
   2 Berg_2         * * * 
   3 Chur_3         * * * 



Mutation rate is constant for all loci

Markov chain settings:
   Long chains (long-chains):                              1
      Steps sampled (long-inc*samples):                 5000
      Steps recorded (long-sample):                     5000
   Static heating scheme
      4 chains with  temperatures
       1.00, 1.50, 3.00,1000000.00
      Swapping interval is 1
   Burn-in per replicate (samples*inc):                 5000

Print options:
   Data file:                                         infile
   Haplotyping is turned on:                              NO
   Output file (ASCII text):                outfile_tooshort
   Output file (PDF):                   outfile_tooshort.pdf
   Posterior distribution:                         bayesfile
   Print data:                                            No
   Print genealogies:                                     No

Summary of data:
Title:                     Current protocols example dataset
Data file:                                            infile
Datatype:                                     Haplotype data
Number of loci:                                           10
Mutationmodel:
 Locus  Sublocus  Mutationmodel   Mutationmodel parameter
-----------------------------------------------------------------
     1         1 Jukes-Cantor    [Basefreq: =0.25]
     2         1 Jukes-Cantor    [Basefreq: =0.25]
     3         1 Jukes-Cantor    [Basefreq: =0.25]
     4         1 Jukes-Cantor    [Basefreq: =0.25]
     5         1 Jukes-Cantor    [Basefreq: =0.25]
     6         1 Jukes-Cantor    [Basefreq: =0.25]
     7         1 Jukes-Cantor    [Basefreq: =0.25]
     8         1 Jukes-Cantor    [Basefreq: =0.25]
     9         1 Jukes-Cantor    [Basefreq: =0.25]
    10         1 Jukes-Cantor    [Basefreq: =0.25]


Sites per locus
---------------
Locus    Sites
     1     1000
     2     1000
     3     1000
     4     1000
     5     1000
     6     1000
     7     1000
     8     1000
     9     1000
    10     1000

Population                   Locus   Gene copies    
----------------------------------------------------
  1 Arbon_1                      1        10
  1                              2        10
  1                              3        10
  1                              4        10
  1                              5        10
  1                              6        10
  1                              7        10
  1                              8        10
  1                              9        10
  1                             10        10
  2 Berg_2                       1        10
  2                              2        10
  2                              3        10
  2                              4        10
  2                              5        10
  2                              6        10
  2                              7        10
  2                              8        10
  2                              9        10
  2                             10        10
  3 Chur_3                       1        10
  3                              2        10
  3                              3        10
  3                              4        10
  3                              5        10
  3                              6        10
  3                              7        10
  3                              8        10
  3                              9        10
  3                             10        10
    Total of all populations     1        30
                                 2        30
                                 3        30
                                 4        30
                                 5        30
                                 6        30
                                 7        30
                                 8        30
                                 9        30
                                10        30

[  5] 22:17:15   Burn-in of 5000 steps (Locus: 5/10, Replicate: 1/1) 
[  4] 22:17:15   Burn-in of 5000 steps (Locus: 4/10, Replicate: 1/1) 
[  8] 22:17:15   Burn-in of 5000 steps (Locus: 8/10, Replicate: 1/1) 
[  1] 22:17:15   Burn-in of 5000 steps (Locus: 1/10, Replicate: 1/1) 
[  3] 22:17:15   Burn-in of 5000 steps (Locus: 3/10, Replicate: 1/1) 
[  7] 22:17:15   Burn-in of 5000 steps (Locus: 7/10, Replicate: 1/1) 
[  2] 22:17:15   Burn-in of 5000 steps (Locus: 2/10, Replicate: 1/1) 
[  6] 22:17:15   Burn-in of 5000 steps (Locus: 6/10, Replicate: 1/1) 
[  2] 22:17:23   Sampling of 5000 steps (Locus: 2/10, Replicate: 1/1) 
[  5] 22:17:24   Sampling of 5000 steps (Locus: 5/10, Replicate: 1/1) 
[  7] 22:17:25   Sampling of 5000 steps (Locus: 7/10, Replicate: 1/1) 
[  1] 22:17:25   Sampling of 5000 steps (Locus: 1/10, Replicate: 1/1) 
[  6] 22:17:26   Sampling of 5000 steps (Locus: 6/10, Replicate: 1/1) 
[  3] 22:17:26   Sampling of 5000 steps (Locus: 3/10, Replicate: 1/1) 
[  2] 22:17:26   Sampling Temp[4]:(1,1.5,3,1e+06) Acc(0.12,0.11,0.18,0.64) Swap(131,0,0)
                Param={ 0.004401 0.004479 0.003656 455.4 312.8 265.9 640.9 513.9 569.9}
[  2] 22:17:26   Burn-in of 5000 steps (Locus: 9/10, Replicate: 1/1) 
[  8] 22:17:27   Sampling of 5000 steps (Locus: 8/10, Replicate: 1/1) 
[  5] 22:17:28   Sampling Temp[4]:(1,1.5,3,1e+06) Acc(0.12,0.20,0.17,0.71) Swap(9,2,0)
                Param={ 0.003567 0.01024 0.005785 293.9 832.3 854.3 873.9 874.9 726.7}
[  5] 22:17:28   Burn-in of 5000 steps (Locus: 10/10, Replicate: 1/1) 
[  1] 22:17:28   Sampling Temp[4]:(1,1.5,3,1e+06) Acc(0.09,0.08,0.15,0.52) Swap(187,48,0)
                Param={ 0.00947 0.005489 0.01133 274.4 276.6 643.9 640.2 722.5 1438}
[  7] 22:17:29   Sampling Temp[4]:(1,1.5,3,1e+06) Acc(0.10,0.12,0.14,0.47) Swap(16,0,0)
                Param={ 0.00185 0.0189 0.02267 192.4 915.1 535.8 487.7 262.2 554.8}
[  4] 22:17:29   Sampling of 5000 steps (Locus: 4/10, Replicate: 1/1) 
[  3] 22:17:30   Sampling Temp[4]:(1,1.5,3,1e+06) Acc(0.10,0.11,0.07,0.65) Swap(132,18,0)
                Param={ 0.005265 0.01006 0.007499 1065 346.2 528.8 311.6 1567 646.7}
[  6] 22:17:30   Sampling Temp[4]:(1,1.5,3,1e+06) Acc(0.09,0.10,0.12,0.41) Swap(149,2,0)
                Param={ 0.002439 0.004022 0.01684 222.4 789.1 1204 394.8 814.7 434.7}
[  8] 22:17:31   Sampling Temp[4]:(1,1.5,3,1e+06) Acc(0.09,0.11,0.08,0.44) Swap(179,27,0)
                Param={ 0.006115 0.004151 0.02312 508.4 93.12 760.3 625.2 1045 475.1}
[  4] 22:17:32   Sampling Temp[4]:(1,1.5,3,1e+06) Acc(0.14,0.12,0.14,0.62) Swap(180,0,0)
                Param={ 0.005455 0.002409 0.005743 229.9 504 643.1 447.9 572.4 613.7}
[  2] 22:17:34   Sampling of 5000 steps (Locus: 9/10, Replicate: 1/1) 
[  5] 22:17:37   Sampling of 5000 steps (Locus: 10/10, Replicate: 1/1) 
[  2] 22:17:37   Sampling Temp[4]:(1,1.5,3,1e+06) Acc(0.13,0.11,0.18,0.52) Swap(8,2,0)
                Param={ 0.01069 0.003104 0.004708 1107 543.5 668.6 532.5 665 249.5}
[  5] 22:17:40   Sampling Temp[4]:(1,1.5,3,1e+06) Acc(0.09,0.09,0.10,0.59) Swap(180,52,0)
                Param={ 0.002282 0.006972 0.00651 488 463.7 738.1 722.2 384.2 560.6}



Acceptance ratios for all parameters and the genealogies
---------------------------------------------------------------------

Parameter           Accepted changes               Ratio
Theta_1                   1379/2801              0.49232
Theta_2                   1512/2818              0.53655
Theta_3                   1823/2857              0.63808
M_2->1                    1432/2727              0.52512
M_3->1                    1363/2700              0.50481
M_1->2                    1764/2827              0.62398
M_3->2                    1591/2717              0.58557
M_1->3                    1433/2732              0.52452
M_2->3                    1530/2791              0.54819
Genealogies               2606/25030              0.10412



Autocorrelation for all parameters and the genealogies
------------------------------------------------------------------------

Parameter           Autocorrelation                Effective Sample size
Theta_1                   0.992                   261.304
Theta_2                   0.990                   362.117
Theta_3                   0.993                   291.037
M_2->1                   0.984                   623.204
M_3->1                   0.987                   459.915
M_1->2                   0.987                   458.519
M_3->2                   0.988                   446.111
M_1->3                   0.986                   558.164
M_2->3                   0.986                   518.418
Genealogies               0.971                   1027.838



Log-Probability of the data given the model (marginal likelihood = log(P(D|thisModel))
--------------------------------------------------------------------
[Use this value for Bayes factor calculations:
BF = Exp[log(P(D|thisModel) - log(P(D|otherModel)]
shows the support for thisModel]



Locus      Raw Thermodynamic score(1a)  Bezier approximated score(1b)      Harmonic mean(2)
------------------------------------------------------------------------------------------
      1              -3429.29                      -2463.62               -2288.36
      2              -2753.44                      -2090.37               -1951.86
      3              -2989.48                      -2247.13               -2108.17
      4              -3581.44                      -2459.57               -2227.57
      5              -3141.57                      -2347.36               -2175.85
      6              -3116.08                      -2422.71               -2291.89
      7              -2991.44                      -2325.34               -2191.25
      8              -3454.49                      -2416.63               -2224.60
      9              -3486.49                      -2463.50               -2264.75
     10              -2971.21                      -2278.34               -2147.83
---------------------------------------------------------------------------------------
  All               -31809.66                     -23409.30              -21901.87
[Scaling factor = 105.268124]


(1a) Thermodynamic integration: log(Prob(D|Model)): Good approximation with many temperatures
(1b) Bezier-approximated Thermodynamic integration: when using few temperatures USE THIS!
(2)  Harmonic mean approximation: Overestimates the marginal likelihood, poor variance

22:17:59   Program finished
