Reading parmfile "parmfile_prior"....
 ++++++++++++++++++++++++++++++++++++++++++++++++++++++++++++++++++
 +                                                                +
 +   POPULATION SIZE, MIGRATION, DIVERGENCE, ASSIGNMENT, HISTORY  +
 +   Bayesian inference using the structured coalescent           +
 +                                                                +
 ++++++++++++++++++++++++++++++++++++++++++++++++++++++++++++++++++
  Compiled for a PARALLEL COMPUTER ARCHITECTURE
  One master and 8 compute nodes are available.
  Using Intel AVX (Advanced Vector Extensions)
  Compiled for a SYMMETRIC multiprocessors (GrandCentral)
  PDF output enabled [Letter-size]
  Version 4.4.3(git:)   [March-21-2019]
  Program started at   Sun Jun  2 11:12:12 2019


Master random number seed: 2065230715


Reading (1) Arbon_1 ...
Reading (2) Berg_2 ...
Reading (3) Chur_3 ...


Options in use:
---------------

Analysis strategy is BAYESIAN INFERENCE
    - Population size estimation: Theta [Exponential Distribution]
    - Geneflow estimation: Migration [Exponential Distribution]
    - Divergence estimation: Divergence time [Normal Distribution [Shortcut] with mean and]
                                             [and standard deviation sigma     ]

Proposal distribution:
Parameter group          Proposal type
-----------------------  -------------------
Population size (Theta)  Metropolis sampling
Migration rate      (M)  Metropolis sampling
Divergence Time (D)  Metropolis sampling
Divergence time spread (STD) Metropolis sampling
Genealogy                Metropolis-Hastings


Prior distribution (Proposal-delta will be tuned to acceptance frequence 0.440000):
Parameter group            Prior type   Minimum    Mean(*)    Maximum    Delta      Bins   Updatefreq
-------------------------  ------------ ---------- ---------- ---------- ---------- ------ -------
Population size (Theta_1)  Exponential  0.000000   0.060000   0.100000           -   1500  0.12500
Population size (Theta_2)  Exponential  0.000000   0.060000   0.100000           -   1500  0.12500
Ancestor 1 to 2 (D_time)  Exponential  0.000000   0.080000   0.100000           -   1500  0.12500
Ancestor 1 to 2 (S_time)  Exponential  0.000000   0.080000   0.100000           -   1500  0.12500




Inheritance scalers in use for Thetas (specified scalars=1)
1.00 1.00 1.00 1.00 1.00 
1.00 1.00 1.00 1.00 1.00 

[Each Theta uses the (true) inheritance scalar of the first locus as a reference]


Pseudo-random number generator: Mersenne-Twister                                
Random number seed (with internal timer)           2065230715

Start parameters:
   First genealogy was started using a random tree
   Start parameter values were generated
Connection matrix:
m = average (average over a group of Thetas or M,
s = symmetric migration M, S = symmetric 4Nm,
0 = zero, and not estimated,
* = migration free to vary, Thetas are on diagonal
d = row population split off column population
D = split and then migration
   1 Arbon_1        * * 0 
   1 Berg_2         * * 0 
   2 Chur_3         d d * 



Mutation rate is constant for all loci

Markov chain settings:
   Long chains (long-chains):                              1
      Steps sampled (long-inc*samples):                50000
      Steps recorded (long-sample):                     5000
   Static heating scheme
      4 chains with  temperatures
       1.00, 1.50, 3.00,1000000.00
      Swapping interval is 1
   Burn-in per replicate (samples*inc):                50000

Print options:
   Data file:                                         infile
   Haplotyping is turned on:                              NO
   Output file (ASCII text):                   outfile_prior
   Output file (PDF):                      outfile_prior.pdf
   Posterior distribution:                         bayesfile
   Print data:                                            No
   Print genealogies:                                     No

Summary of data:
Title:                     Current protocols example dataset
Data file:                                            infile
Datatype:                                     Haplotype data
Number of loci:                                           10
Mutationmodel:
 Locus  Sublocus  Mutationmodel   Mutationmodel parameter
-----------------------------------------------------------------
     1         1 Jukes-Cantor    [Basefreq: =0.25]
     2         1 Jukes-Cantor    [Basefreq: =0.25]
     3         1 Jukes-Cantor    [Basefreq: =0.25]
     4         1 Jukes-Cantor    [Basefreq: =0.25]
     5         1 Jukes-Cantor    [Basefreq: =0.25]
     6         1 Jukes-Cantor    [Basefreq: =0.25]
     7         1 Jukes-Cantor    [Basefreq: =0.25]
     8         1 Jukes-Cantor    [Basefreq: =0.25]
     9         1 Jukes-Cantor    [Basefreq: =0.25]
    10         1 Jukes-Cantor    [Basefreq: =0.25]


Sites per locus
---------------
Locus    Sites
     1     1000
     2     1000
     3     1000
     4     1000
     5     1000
     6     1000
     7     1000
     8     1000
     9     1000
    10     1000

Population                   Locus   Gene copies    
----------------------------------------------------
  1 Arbon_1                      1        10
  1                              2        10
  1                              3        10
  1                              4        10
  1                              5        10
  1                              6        10
  1                              7        10
  1                              8        10
  1                              9        10
  1                             10        10
  1 Berg_2                       1        10
  1                              2        10
  1                              3        10
  1                              4        10
  1                              5        10
  1                              6        10
  1                              7        10
  1                              8        10
  1                              9        10
  1                             10        10
  2 Chur_3                       1        10
  2                              2        10
  2                              3        10
  2                              4        10
  2                              5        10
  2                              6        10
  2                              7        10
  2                              8        10
  2                              9        10
  2                             10        10
    Total of all populations     1        30
                                 2        30
                                 3        30
                                 4        30
                                 5        30
                                 6        30
                                 7        30
                                 8        30
                                 9        30
                                10        30

[  4] 11:12:13   Burn-in of 50000 steps (Locus: 4/10, Replicate: 1/1) 
[  8] 11:12:13   Burn-in of 50000 steps (Locus: 8/10, Replicate: 1/1) 
[  1] 11:12:13   Burn-in of 50000 steps (Locus: 1/10, Replicate: 1/1) 
[  2] 11:12:13   Burn-in of 50000 steps (Locus: 2/10, Replicate: 1/1) 
[  5] 11:12:13   Burn-in of 50000 steps (Locus: 5/10, Replicate: 1/1) 
[  6] 11:12:13   Burn-in of 50000 steps (Locus: 6/10, Replicate: 1/1) 
[  7] 11:12:13   Burn-in of 50000 steps (Locus: 7/10, Replicate: 1/1) 
[  3] 11:12:13   Burn-in of 50000 steps (Locus: 3/10, Replicate: 1/1) 
[  2] 11:12:37   Sampling of 50000 steps (Locus: 2/10, Replicate: 1/1) 
[  7] 11:12:37   Sampling of 50000 steps (Locus: 7/10, Replicate: 1/1) 
[  3] 11:12:37   Sampling of 50000 steps (Locus: 3/10, Replicate: 1/1) 
[  5] 11:12:37   Sampling of 50000 steps (Locus: 5/10, Replicate: 1/1) 
[  8] 11:12:37   Sampling of 50000 steps (Locus: 8/10, Replicate: 1/1) 
[  1] 11:12:37   Sampling of 50000 steps (Locus: 1/10, Replicate: 1/1) 
[  6] 11:12:38   Sampling of 50000 steps (Locus: 6/10, Replicate: 1/1) 
[  4] 11:12:38   Sampling of 50000 steps (Locus: 4/10, Replicate: 1/1) 
[  2] 11:12:51   Sampling Temp[4]:(1,1.5,3,1e+06) Acc(0.14,0.16,0.22,1.00) Swap(2752,216,0)
                Param={ 0.01477 0.005209 0 0 0.02527 0.01899}
[  2] 11:12:51   Burn-in of 50000 steps (Locus: 9/10, Replicate: 1/1) 
[  3] 11:12:52   Sampling Temp[4]:(1,1.5,3,1e+06) Acc(0.15,0.17,0.21,0.99) Swap(2885,703,0)
                Param={ 0.006587 0.0217 0 0 0.05722 0.07016}
[  3] 11:12:52   Burn-in of 50000 steps (Locus: 10/10, Replicate: 1/1) 
[  8] 11:12:52   Sampling Temp[4]:(1,1.5,3,1e+06) Acc(0.13,0.15,0.19,1.00) Swap(2619,770,0)
                Param={ 0.01108 0.02451 0 0 0.04864 0.01783}
[  7] 11:12:52   Sampling Temp[4]:(1,1.5,3,1e+06) Acc(0.13,0.15,0.19,0.99) Swap(2821,540,0)
                Param={ 0.01002 0.02167 0 0 0.04632 0.02792}
[  5] 11:12:52   Sampling Temp[4]:(1,1.5,3,1e+06) Acc(0.20,0.23,0.31,1.00) Swap(2275,320,0)
                Param={ 0.004964 0.04914 0 0 0.01281 0.09845}
[  1] 11:12:52   Sampling Temp[4]:(1,1.5,3,1e+06) Acc(0.12,0.15,0.19,1.00) Swap(2518,315,0)
                Param={ 0.01098 0.01693 0 0 0.06565 0.03015}
[  6] 11:12:52   Sampling Temp[4]:(1,1.5,3,1e+06) Acc(0.14,0.16,0.21,0.99) Swap(2950,282,0)
                Param={ 0.006473 0.04339 0 0 0.04554 0.02225}
[  4] 11:12:53   Sampling Temp[4]:(1,1.5,3,1e+06) Acc(0.14,0.16,0.20,0.99) Swap(3262,447,0)
                Param={ 0.006967 0.02733 0 0 0.08286 0.08591}
[  2] 11:13:07   Sampling of 50000 steps (Locus: 9/10, Replicate: 1/1) 
[  3] 11:13:08   Sampling of 50000 steps (Locus: 10/10, Replicate: 1/1) 
[  2] 11:13:17   Sampling Temp[4]:(1,1.5,3,1e+06) Acc(0.14,0.16,0.20,0.99) Swap(2264,700,0)
                Param={ 0.005394 0.02615 0 0 0.02455 0.0586}
[  3] 11:13:18   Sampling Temp[4]:(1,1.5,3,1e+06) Acc(0.11,0.13,0.17,1.00) Swap(2603,245,0)
                Param={ 0.005414 0.01868 0 0 0.01361 0.09396}



Acceptance ratios for all parameters and the genealogies
---------------------------------------------------------------------

Parameter           Accepted changes               Ratio
Theta_1                   8687/62233             0.13959
Theta_2                  20214/62313             0.32439
D_1->2                    51121/62301             0.82055
S_1->2                    35226/62121             0.56705
Genealogies              35226/251032             0.14032



Autocorrelation for all parameters and the genealogies
------------------------------------------------------------------------

Parameter           Autocorrelation                Effective Sample size
Theta_1                   0.812                  7349.904
Theta_2                   0.645                 14544.282
D_1->2                    0.339                 34780.969
S_1->2                    0.453                 26725.508
Genealogies               0.810                   7439.860



Log-Probability of the data given the model (marginal likelihood = log(P(D|thisModel))
--------------------------------------------------------------------
[Use this value for Bayes factor calculations:
BF = Exp[log(P(D|thisModel) - log(P(D|otherModel)]
shows the support for thisModel]



Locus      Raw Thermodynamic score(1a)  Bezier approximated score(1b)      Harmonic mean(2)
------------------------------------------------------------------------------------------
      1              -2529.67                      -2317.39               -2283.65
      2              -2118.88                      -1978.29               -1951.30
      3              -2304.40                      -2128.08               -2103.73
      4              -2538.69                      -2268.96               -2226.61
      5              -2380.99                      -2198.28               -2165.84
      6              -2552.82                      -2327.41               -2290.35
      7              -2461.12                      -2227.49               -2192.18
      8              -2532.69                      -2260.29               -2218.73
      9              -2527.16                      -2298.13               -2264.24
     10              -2389.59                      -2180.58               -2144.26
---------------------------------------------------------------------------------------
  All               -24335.80                     -22184.69              -21931.97
[Scaling factor = 0.218941]


(1a) Thermodynamic integration: log(Prob(D|Model)): Good approximation with many temperatures
(1b) Bezier-approximated Thermodynamic integration: when using few temperatures USE THIS!
(2)  Harmonic mean approximation: Overestimates the marginal likelihood, poor variance

11:13:38   Program finished
